<?xml version="1.0" encoding="UTF-8"?>
<testsuite xmlns:xsi="http://www.w3.org/2001/XMLSchema-instance" xsi:noNamespaceSchemaLocation="https://maven.apache.org/surefire/maven-surefire-plugin/xsd/surefire-test-report-3.0.xsd" version="3.0" name="TestSuite" time="29.12" tests="62" errors="0" skipped="0" failures="0">
  <properties>
    <property name="java.specification.version" value="19"/>
    <property name="sun.cpu.isalist" value="amd64"/>
    <property name="sun.jnu.encoding" value="Cp1252"/>
    <property name="java.class.path" value="C:\Users\enggn\eclipse-workspace\DS_AlgoCh\target\test-classes;C:\Users\enggn\eclipse-workspace\DS_AlgoCh\target\classes;C:\Users\enggn\.m2\repository\org\slf4j\slf4j-api\2.0.9\slf4j-api-2.0.9.jar;C:\Users\enggn\.m2\repository\org\slf4j\slf4j-simple\2.0.9\slf4j-simple-2.0.9.jar;C:\Users\enggn\.m2\repository\tech\grasshopper\extentreports-cucumber7-adapter\1.9.1\extentreports-cucumber7-adapter-1.9.1.jar;C:\Users\enggn\.m2\repository\tech\grasshopper\extent-pdf-report\2.9.1\extent-pdf-report-2.9.1.jar;C:\Users\enggn\.m2\repository\tech\grasshopper\cucumber-pdf-report\2.11.1\cucumber-pdf-report-2.11.1.jar;C:\Users\enggn\.m2\repository\org\apache\pdfbox\pdfbox\2.0.26\pdfbox-2.0.26.jar;C:\Users\enggn\.m2\repository\org\apache\pdfbox\fontbox\2.0.26\fontbox-2.0.26.jar;C:\Users\enggn\.m2\repository\org\knowm\xchart\xchart\3.8.0\xchart-3.8.0.jar;C:\Users\enggn\.m2\repository\de\erichseifert\vectorgraphics2d\VectorGraphics2D\0.13\VectorGraphics2D-0.13.jar;C:\Users\enggn\.m2\repository\de\rototor\pdfbox\graphics2d\0.30\graphics2d-0.30.jar;C:\Users\enggn\.m2\repository\com\madgag\animated-gif-lib\1.4\animated-gif-lib-1.4.jar;C:\Users\enggn\.m2\repository\org\yaml\snakeyaml\1.28\snakeyaml-1.28.jar;C:\Users\enggn\.m2\repository\tech\grasshopper\table-layout\1.5.1\table-layout-1.5.1.jar;C:\Users\enggn\.m2\repository\tech\grasshopper\rest-assured-cucumber-pdf-report\1.4.1\rest-assured-cucumber-pdf-report-1.4.1.jar;C:\Users\enggn\.m2\repository\org\jsoup\jsoup\1.15.3\jsoup-1.15.3.jar;C:\Users\enggn\.m2\repository\com\aventstack\klov-reporter\5.0.9\klov-reporter-5.0.9.jar;C:\Users\enggn\.m2\repository\org\mongodb\mongodb-driver\3.6.4\mongodb-driver-3.6.4.jar;C:\Users\enggn\.m2\repository\org\mongodb\mongodb-driver-core\3.6.4\mongodb-driver-core-3.6.4.jar;C:\Users\enggn\.m2\repository\org\mongodb\bson\3.6.4\bson-3.6.4.jar;C:\Users\enggn\.m2\repository\org\apache\httpcomponents\httpclient\4.5.13\httpclient-4.5.13.jar;C:\Users\enggn\.m2\repository\org\apache\httpcomponents\httpcore\4.4.13\httpcore-4.4.13.jar;C:\Users\enggn\.m2\repository\commons-logging\commons-logging\1.2\commons-logging-1.2.jar;C:\Users\enggn\.m2\repository\org\apache\httpcomponents\httpmime\4.5.13\httpmime-4.5.13.jar;C:\Users\enggn\.m2\repository\tech\grasshopper\htmlextentreporter\1.0.1\htmlextentreporter-1.0.1.jar;C:\Users\enggn\.m2\repository\com\aventstack\extentreports\5.0.9\extentreports-5.0.9.jar;C:\Users\enggn\.m2\repository\io\reactivex\rxjava3\rxjava\3.0.4\rxjava-3.0.4.jar;C:\Users\enggn\.m2\repository\org\reactivestreams\reactive-streams\1.0.3\reactive-streams-1.0.3.jar;C:\Users\enggn\.m2\repository\org\freemarker\freemarker\2.3.30\freemarker-2.3.30.jar;C:\Users\enggn\.m2\repository\org\projectlombok\lombok\1.18.12\lombok-1.18.12.jar;C:\Users\enggn\.m2\repository\com\google\code\gson\gson\2.8.6\gson-2.8.6.jar;C:\Users\enggn\.m2\repository\io\cucumber\cucumber-testng\7.14.0\cucumber-testng-7.14.0.jar;C:\Users\enggn\.m2\repository\org\apiguardian\apiguardian-api\1.1.2\apiguardian-api-1.1.2.jar;C:\Users\enggn\.m2\repository\io\cucumber\cucumber-core\7.14.0\cucumber-core-7.14.0.jar;C:\Users\enggn\.m2\repository\io\cucumber\cucumber-gherkin\7.14.0\cucumber-gherkin-7.14.0.jar;C:\Users\enggn\.m2\repository\io\cucumber\cucumber-gherkin-messages\7.14.0\cucumber-gherkin-messages-7.14.0.jar;C:\Users\enggn\.m2\repository\io\cucumber\gherkin\26.2.0\gherkin-26.2.0.jar;C:\Users\enggn\.m2\repository\io\cucumber\messages\22.0.0\messages-22.0.0.jar;C:\Users\enggn\.m2\repository\io\cucumber\tag-expressions\5.0.6\tag-expressions-5.0.6.jar;C:\Users\enggn\.m2\repository\io\cucumber\cucumber-expressions\16.1.2\cucumber-expressions-16.1.2.jar;C:\Users\enggn\.m2\repository\io\cucumber\datatable\7.14.0\datatable-7.14.0.jar;C:\Users\enggn\.m2\repository\io\cucumber\cucumber-plugin\7.14.0\cucumber-plugin-7.14.0.jar;C:\Users\enggn\.m2\repository\io\cucumber\docstring\7.14.0\docstring-7.14.0.jar;C:\Users\enggn\.m2\repository\io\cucumber\html-formatter\20.4.0\html-formatter-20.4.0.jar;C:\Users\enggn\.m2\repository\io\cucumber\junit-xml-formatter\0.2.0\junit-xml-formatter-0.2.0.jar;C:\Users\enggn\.m2\repository\io\cucumber\ci-environment\9.2.0\ci-environment-9.2.0.jar;C:\Users\enggn\.m2\repository\com\sitture\cucumber-jvm-extentreport\3.0.7\cucumber-jvm-extentreport-3.0.7.jar;C:\Users\enggn\.m2\repository\org\seleniumhq\selenium\selenium-java\4.15.0\selenium-java-4.15.0.jar;C:\Users\enggn\.m2\repository\org\seleniumhq\selenium\selenium-api\4.15.0\selenium-api-4.15.0.jar;C:\Users\enggn\.m2\repository\org\seleniumhq\selenium\selenium-chrome-driver\4.15.0\selenium-chrome-driver-4.15.0.jar;C:\Users\enggn\.m2\repository\com\google\auto\service\auto-service-annotations\1.1.1\auto-service-annotations-1.1.1.jar;C:\Users\enggn\.m2\repository\org\seleniumhq\selenium\selenium-chromium-driver\4.15.0\selenium-chromium-driver-4.15.0.jar;C:\Users\enggn\.m2\repository\org\seleniumhq\selenium\selenium-json\4.15.0\selenium-json-4.15.0.jar;C:\Users\enggn\.m2\repository\org\seleniumhq\selenium\selenium-manager\4.15.0\selenium-manager-4.15.0.jar;C:\Users\enggn\.m2\repository\org\seleniumhq\selenium\selenium-devtools-v117\4.15.0\selenium-devtools-v117-4.15.0.jar;C:\Users\enggn\.m2\repository\org\seleniumhq\selenium\selenium-devtools-v118\4.15.0\selenium-devtools-v118-4.15.0.jar;C:\Users\enggn\.m2\repository\org\seleniumhq\selenium\selenium-devtools-v119\4.15.0\selenium-devtools-v119-4.15.0.jar;C:\Users\enggn\.m2\repository\org\seleniumhq\selenium\selenium-devtools-v85\4.15.0\selenium-devtools-v85-4.15.0.jar;C:\Users\enggn\.m2\repository\org\seleniumhq\selenium\selenium-edge-driver\4.15.0\selenium-edge-driver-4.15.0.jar;C:\Users\enggn\.m2\repository\org\seleniumhq\selenium\selenium-firefox-driver\4.15.0\selenium-firefox-driver-4.15.0.jar;C:\Users\enggn\.m2\repository\org\seleniumhq\selenium\selenium-http\4.15.0\selenium-http-4.15.0.jar;C:\Users\enggn\.m2\repository\dev\failsafe\failsafe\3.3.2\failsafe-3.3.2.jar;C:\Users\enggn\.m2\repository\org\seleniumhq\selenium\selenium-ie-driver\4.15.0\selenium-ie-driver-4.15.0.jar;C:\Users\enggn\.m2\repository\org\seleniumhq\selenium\selenium-remote-driver\4.15.0\selenium-remote-driver-4.15.0.jar;C:\Users\enggn\.m2\repository\com\google\guava\guava\32.1.2-jre\guava-32.1.2-jre.jar;C:\Users\enggn\.m2\repository\com\google\guava\failureaccess\1.0.1\failureaccess-1.0.1.jar;C:\Users\enggn\.m2\repository\com\google\guava\listenablefuture\9999.0-empty-to-avoid-conflict-with-guava\listenablefuture-9999.0-empty-to-avoid-conflict-with-guava.jar;C:\Users\enggn\.m2\repository\com\google\code\findbugs\jsr305\3.0.2\jsr305-3.0.2.jar;C:\Users\enggn\.m2\repository\org\checkerframework\checker-qual\3.33.0\checker-qual-3.33.0.jar;C:\Users\enggn\.m2\repository\com\google\errorprone\error_prone_annotations\2.18.0\error_prone_annotations-2.18.0.jar;C:\Users\enggn\.m2\repository\com\google\j2objc\j2objc-annotations\2.8\j2objc-annotations-2.8.jar;C:\Users\enggn\.m2\repository\io\opentelemetry\opentelemetry-api\1.28.0\opentelemetry-api-1.28.0.jar;C:\Users\enggn\.m2\repository\io\opentelemetry\opentelemetry-context\1.28.0\opentelemetry-context-1.28.0.jar;C:\Users\enggn\.m2\repository\io\opentelemetry\opentelemetry-exporter-logging\1.28.0\opentelemetry-exporter-logging-1.28.0.jar;C:\Users\enggn\.m2\repository\io\opentelemetry\opentelemetry-sdk-metrics\1.28.0\opentelemetry-sdk-metrics-1.28.0.jar;C:\Users\enggn\.m2\repository\io\opentelemetry\opentelemetry-extension-incubator\1.28.0-alpha\opentelemetry-extension-incubator-1.28.0-alpha.jar;C:\Users\enggn\.m2\repository\io\opentelemetry\opentelemetry-sdk-logs\1.28.0\opentelemetry-sdk-logs-1.28.0.jar;C:\Users\enggn\.m2\repository\io\opentelemetry\opentelemetry-sdk-common\1.28.0\opentelemetry-sdk-common-1.28.0.jar;C:\Users\enggn\.m2\repository\io\opentelemetry\opentelemetry-sdk-extension-autoconfigure-spi\1.28.0\opentelemetry-sdk-extension-autoconfigure-spi-1.28.0.jar;C:\Users\enggn\.m2\repository\io\opentelemetry\opentelemetry-sdk-extension-autoconfigure\1.28.0\opentelemetry-sdk-extension-autoconfigure-1.28.0.jar;C:\Users\enggn\.m2\repository\io\opentelemetry\opentelemetry-api-events\1.28.0-alpha\opentelemetry-api-events-1.28.0-alpha.jar;C:\Users\enggn\.m2\repository\io\opentelemetry\opentelemetry-sdk-trace\1.28.0\opentelemetry-sdk-trace-1.28.0.jar;C:\Users\enggn\.m2\repository\io\opentelemetry\opentelemetry-sdk\1.28.0\opentelemetry-sdk-1.28.0.jar;C:\Users\enggn\.m2\repository\io\opentelemetry\opentelemetry-semconv\1.28.0-alpha\opentelemetry-semconv-1.28.0-alpha.jar;C:\Users\enggn\.m2\repository\net\bytebuddy\byte-buddy\1.14.5\byte-buddy-1.14.5.jar;C:\Users\enggn\.m2\repository\org\seleniumhq\selenium\selenium-os\4.15.0\selenium-os-4.15.0.jar;C:\Users\enggn\.m2\repository\org\apache\commons\commons-exec\1.3\commons-exec-1.3.jar;C:\Users\enggn\.m2\repository\org\seleniumhq\selenium\selenium-safari-driver\4.15.0\selenium-safari-driver-4.15.0.jar;C:\Users\enggn\.m2\repository\org\seleniumhq\selenium\selenium-support\4.15.0\selenium-support-4.15.0.jar;C:\Users\enggn\.m2\repository\io\cucumber\cucumber-java\7.14.0\cucumber-java-7.14.0.jar;C:\Users\enggn\.m2\repository\org\apache\poi\poi\5.2.4\poi-5.2.4.jar;C:\Users\enggn\.m2\repository\commons-codec\commons-codec\1.16.0\commons-codec-1.16.0.jar;C:\Users\enggn\.m2\repository\org\apache\commons\commons-collections4\4.4\commons-collections4-4.4.jar;C:\Users\enggn\.m2\repository\org\apache\commons\commons-math3\3.6.1\commons-math3-3.6.1.jar;C:\Users\enggn\.m2\repository\commons-io\commons-io\2.13.0\commons-io-2.13.0.jar;C:\Users\enggn\.m2\repository\com\zaxxer\SparseBitSet\1.3\SparseBitSet-1.3.jar;C:\Users\enggn\.m2\repository\org\apache\poi\poi-ooxml\5.2.4\poi-ooxml-5.2.4.jar;C:\Users\enggn\.m2\repository\org\apache\poi\poi-ooxml-lite\5.2.4\poi-ooxml-lite-5.2.4.jar;C:\Users\enggn\.m2\repository\org\apache\xmlbeans\xmlbeans\5.1.1\xmlbeans-5.1.1.jar;C:\Users\enggn\.m2\repository\org\apache\commons\commons-compress\1.24.0\commons-compress-1.24.0.jar;C:\Users\enggn\.m2\repository\com\github\virtuald\curvesapi\1.08\curvesapi-1.08.jar;C:\Users\enggn\.m2\repository\org\testng\testng\7.8.0\testng-7.8.0.jar;C:\Users\enggn\.m2\repository\com\beust\jcommander\1.82\jcommander-1.82.jar;C:\Users\enggn\.m2\repository\org\webjars\jquery\3.6.1\jquery-3.6.1.jar;C:\Users\enggn\.m2\repository\io\cucumber\cucumber-junit\7.14.0\cucumber-junit-7.14.0.jar;C:\Users\enggn\.m2\repository\junit\junit\4.13.2\junit-4.13.2.jar;C:\Users\enggn\.m2\repository\org\hamcrest\hamcrest-core\1.3\hamcrest-core-1.3.jar;C:\Users\enggn\.m2\repository\org\apache\logging\log4j\log4j-api\3.0.0-alpha1\log4j-api-3.0.0-alpha1.jar;C:\Users\enggn\.m2\repository\org\apache\logging\log4j\log4j-core\3.0.0-alpha1\log4j-core-3.0.0-alpha1.jar;C:\Users\enggn\.m2\repository\org\apache\logging\log4j\log4j-plugins\3.0.0-alpha1\log4j-plugins-3.0.0-alpha1.jar;C:\Users\enggn\.m2\repository\javax\activation\javax.activation-api\1.2.0\javax.activation-api-1.2.0.jar;C:\Users\enggn\.m2\repository\javax\xml\bind\jaxb-api\2.3.1\jaxb-api-2.3.1.jar;C:\Users\enggn\.m2\repository\com\fasterxml\woodstox\woodstox-core\6.5.0\woodstox-core-6.5.0.jar;C:\Users\enggn\.m2\repository\org\codehaus\woodstox\stax2-api\4.2.1\stax2-api-4.2.1.jar;"/>
    <property name="java.vm.vendor" value="Oracle Corporation"/>
    <property name="sun.arch.data.model" value="64"/>
    <property name="user.variant" value=""/>
    <property name="java.vendor.url" value="https://java.oracle.com/"/>
    <property name="user.timezone" value="America/New_York"/>
    <property name="os.name" value="Windows 11"/>
    <property name="java.vm.specification.version" value="19"/>
    <property name="sun.java.launcher" value="SUN_STANDARD"/>
    <property name="user.country" value="US"/>
    <property name="sun.boot.library.path" value="C:\Program Files\Java\jdk-19\bin"/>
    <property name="sun.java.command" value="C:\Users\enggn\AppData\Local\Temp\surefire17922123915579422396\surefirebooter-20231204001710069_3.jar C:\Users\enggn\AppData\Local\Temp\surefire17922123915579422396 2023-12-04T00-17-09_929-jvmRun1 surefire-20231204001710069_1tmp surefire_0-20231204001710069_2tmp"/>
    <property name="jdk.debug" value="release"/>
    <property name="surefire.test.class.path" value="C:\Users\enggn\eclipse-workspace\DS_AlgoCh\target\test-classes;C:\Users\enggn\eclipse-workspace\DS_AlgoCh\target\classes;C:\Users\enggn\.m2\repository\org\slf4j\slf4j-api\2.0.9\slf4j-api-2.0.9.jar;C:\Users\enggn\.m2\repository\org\slf4j\slf4j-simple\2.0.9\slf4j-simple-2.0.9.jar;C:\Users\enggn\.m2\repository\tech\grasshopper\extentreports-cucumber7-adapter\1.9.1\extentreports-cucumber7-adapter-1.9.1.jar;C:\Users\enggn\.m2\repository\tech\grasshopper\extent-pdf-report\2.9.1\extent-pdf-report-2.9.1.jar;C:\Users\enggn\.m2\repository\tech\grasshopper\cucumber-pdf-report\2.11.1\cucumber-pdf-report-2.11.1.jar;C:\Users\enggn\.m2\repository\org\apache\pdfbox\pdfbox\2.0.26\pdfbox-2.0.26.jar;C:\Users\enggn\.m2\repository\org\apache\pdfbox\fontbox\2.0.26\fontbox-2.0.26.jar;C:\Users\enggn\.m2\repository\org\knowm\xchart\xchart\3.8.0\xchart-3.8.0.jar;C:\Users\enggn\.m2\repository\de\erichseifert\vectorgraphics2d\VectorGraphics2D\0.13\VectorGraphics2D-0.13.jar;C:\Users\enggn\.m2\repository\de\rototor\pdfbox\graphics2d\0.30\graphics2d-0.30.jar;C:\Users\enggn\.m2\repository\com\madgag\animated-gif-lib\1.4\animated-gif-lib-1.4.jar;C:\Users\enggn\.m2\repository\org\yaml\snakeyaml\1.28\snakeyaml-1.28.jar;C:\Users\enggn\.m2\repository\tech\grasshopper\table-layout\1.5.1\table-layout-1.5.1.jar;C:\Users\enggn\.m2\repository\tech\grasshopper\rest-assured-cucumber-pdf-report\1.4.1\rest-assured-cucumber-pdf-report-1.4.1.jar;C:\Users\enggn\.m2\repository\org\jsoup\jsoup\1.15.3\jsoup-1.15.3.jar;C:\Users\enggn\.m2\repository\com\aventstack\klov-reporter\5.0.9\klov-reporter-5.0.9.jar;C:\Users\enggn\.m2\repository\org\mongodb\mongodb-driver\3.6.4\mongodb-driver-3.6.4.jar;C:\Users\enggn\.m2\repository\org\mongodb\mongodb-driver-core\3.6.4\mongodb-driver-core-3.6.4.jar;C:\Users\enggn\.m2\repository\org\mongodb\bson\3.6.4\bson-3.6.4.jar;C:\Users\enggn\.m2\repository\org\apache\httpcomponents\httpclient\4.5.13\httpclient-4.5.13.jar;C:\Users\enggn\.m2\repository\org\apache\httpcomponents\httpcore\4.4.13\httpcore-4.4.13.jar;C:\Users\enggn\.m2\repository\commons-logging\commons-logging\1.2\commons-logging-1.2.jar;C:\Users\enggn\.m2\repository\org\apache\httpcomponents\httpmime\4.5.13\httpmime-4.5.13.jar;C:\Users\enggn\.m2\repository\tech\grasshopper\htmlextentreporter\1.0.1\htmlextentreporter-1.0.1.jar;C:\Users\enggn\.m2\repository\com\aventstack\extentreports\5.0.9\extentreports-5.0.9.jar;C:\Users\enggn\.m2\repository\io\reactivex\rxjava3\rxjava\3.0.4\rxjava-3.0.4.jar;C:\Users\enggn\.m2\repository\org\reactivestreams\reactive-streams\1.0.3\reactive-streams-1.0.3.jar;C:\Users\enggn\.m2\repository\org\freemarker\freemarker\2.3.30\freemarker-2.3.30.jar;C:\Users\enggn\.m2\repository\org\projectlombok\lombok\1.18.12\lombok-1.18.12.jar;C:\Users\enggn\.m2\repository\com\google\code\gson\gson\2.8.6\gson-2.8.6.jar;C:\Users\enggn\.m2\repository\io\cucumber\cucumber-testng\7.14.0\cucumber-testng-7.14.0.jar;C:\Users\enggn\.m2\repository\org\apiguardian\apiguardian-api\1.1.2\apiguardian-api-1.1.2.jar;C:\Users\enggn\.m2\repository\io\cucumber\cucumber-core\7.14.0\cucumber-core-7.14.0.jar;C:\Users\enggn\.m2\repository\io\cucumber\cucumber-gherkin\7.14.0\cucumber-gherkin-7.14.0.jar;C:\Users\enggn\.m2\repository\io\cucumber\cucumber-gherkin-messages\7.14.0\cucumber-gherkin-messages-7.14.0.jar;C:\Users\enggn\.m2\repository\io\cucumber\gherkin\26.2.0\gherkin-26.2.0.jar;C:\Users\enggn\.m2\repository\io\cucumber\messages\22.0.0\messages-22.0.0.jar;C:\Users\enggn\.m2\repository\io\cucumber\tag-expressions\5.0.6\tag-expressions-5.0.6.jar;C:\Users\enggn\.m2\repository\io\cucumber\cucumber-expressions\16.1.2\cucumber-expressions-16.1.2.jar;C:\Users\enggn\.m2\repository\io\cucumber\datatable\7.14.0\datatable-7.14.0.jar;C:\Users\enggn\.m2\repository\io\cucumber\cucumber-plugin\7.14.0\cucumber-plugin-7.14.0.jar;C:\Users\enggn\.m2\repository\io\cucumber\docstring\7.14.0\docstring-7.14.0.jar;C:\Users\enggn\.m2\repository\io\cucumber\html-formatter\20.4.0\html-formatter-20.4.0.jar;C:\Users\enggn\.m2\repository\io\cucumber\junit-xml-formatter\0.2.0\junit-xml-formatter-0.2.0.jar;C:\Users\enggn\.m2\repository\io\cucumber\ci-environment\9.2.0\ci-environment-9.2.0.jar;C:\Users\enggn\.m2\repository\com\sitture\cucumber-jvm-extentreport\3.0.7\cucumber-jvm-extentreport-3.0.7.jar;C:\Users\enggn\.m2\repository\org\seleniumhq\selenium\selenium-java\4.15.0\selenium-java-4.15.0.jar;C:\Users\enggn\.m2\repository\org\seleniumhq\selenium\selenium-api\4.15.0\selenium-api-4.15.0.jar;C:\Users\enggn\.m2\repository\org\seleniumhq\selenium\selenium-chrome-driver\4.15.0\selenium-chrome-driver-4.15.0.jar;C:\Users\enggn\.m2\repository\com\google\auto\service\auto-service-annotations\1.1.1\auto-service-annotations-1.1.1.jar;C:\Users\enggn\.m2\repository\org\seleniumhq\selenium\selenium-chromium-driver\4.15.0\selenium-chromium-driver-4.15.0.jar;C:\Users\enggn\.m2\repository\org\seleniumhq\selenium\selenium-json\4.15.0\selenium-json-4.15.0.jar;C:\Users\enggn\.m2\repository\org\seleniumhq\selenium\selenium-manager\4.15.0\selenium-manager-4.15.0.jar;C:\Users\enggn\.m2\repository\org\seleniumhq\selenium\selenium-devtools-v117\4.15.0\selenium-devtools-v117-4.15.0.jar;C:\Users\enggn\.m2\repository\org\seleniumhq\selenium\selenium-devtools-v118\4.15.0\selenium-devtools-v118-4.15.0.jar;C:\Users\enggn\.m2\repository\org\seleniumhq\selenium\selenium-devtools-v119\4.15.0\selenium-devtools-v119-4.15.0.jar;C:\Users\enggn\.m2\repository\org\seleniumhq\selenium\selenium-devtools-v85\4.15.0\selenium-devtools-v85-4.15.0.jar;C:\Users\enggn\.m2\repository\org\seleniumhq\selenium\selenium-edge-driver\4.15.0\selenium-edge-driver-4.15.0.jar;C:\Users\enggn\.m2\repository\org\seleniumhq\selenium\selenium-firefox-driver\4.15.0\selenium-firefox-driver-4.15.0.jar;C:\Users\enggn\.m2\repository\org\seleniumhq\selenium\selenium-http\4.15.0\selenium-http-4.15.0.jar;C:\Users\enggn\.m2\repository\dev\failsafe\failsafe\3.3.2\failsafe-3.3.2.jar;C:\Users\enggn\.m2\repository\org\seleniumhq\selenium\selenium-ie-driver\4.15.0\selenium-ie-driver-4.15.0.jar;C:\Users\enggn\.m2\repository\org\seleniumhq\selenium\selenium-remote-driver\4.15.0\selenium-remote-driver-4.15.0.jar;C:\Users\enggn\.m2\repository\com\google\guava\guava\32.1.2-jre\guava-32.1.2-jre.jar;C:\Users\enggn\.m2\repository\com\google\guava\failureaccess\1.0.1\failureaccess-1.0.1.jar;C:\Users\enggn\.m2\repository\com\google\guava\listenablefuture\9999.0-empty-to-avoid-conflict-with-guava\listenablefuture-9999.0-empty-to-avoid-conflict-with-guava.jar;C:\Users\enggn\.m2\repository\com\google\code\findbugs\jsr305\3.0.2\jsr305-3.0.2.jar;C:\Users\enggn\.m2\repository\org\checkerframework\checker-qual\3.33.0\checker-qual-3.33.0.jar;C:\Users\enggn\.m2\repository\com\google\errorprone\error_prone_annotations\2.18.0\error_prone_annotations-2.18.0.jar;C:\Users\enggn\.m2\repository\com\google\j2objc\j2objc-annotations\2.8\j2objc-annotations-2.8.jar;C:\Users\enggn\.m2\repository\io\opentelemetry\opentelemetry-api\1.28.0\opentelemetry-api-1.28.0.jar;C:\Users\enggn\.m2\repository\io\opentelemetry\opentelemetry-context\1.28.0\opentelemetry-context-1.28.0.jar;C:\Users\enggn\.m2\repository\io\opentelemetry\opentelemetry-exporter-logging\1.28.0\opentelemetry-exporter-logging-1.28.0.jar;C:\Users\enggn\.m2\repository\io\opentelemetry\opentelemetry-sdk-metrics\1.28.0\opentelemetry-sdk-metrics-1.28.0.jar;C:\Users\enggn\.m2\repository\io\opentelemetry\opentelemetry-extension-incubator\1.28.0-alpha\opentelemetry-extension-incubator-1.28.0-alpha.jar;C:\Users\enggn\.m2\repository\io\opentelemetry\opentelemetry-sdk-logs\1.28.0\opentelemetry-sdk-logs-1.28.0.jar;C:\Users\enggn\.m2\repository\io\opentelemetry\opentelemetry-sdk-common\1.28.0\opentelemetry-sdk-common-1.28.0.jar;C:\Users\enggn\.m2\repository\io\opentelemetry\opentelemetry-sdk-extension-autoconfigure-spi\1.28.0\opentelemetry-sdk-extension-autoconfigure-spi-1.28.0.jar;C:\Users\enggn\.m2\repository\io\opentelemetry\opentelemetry-sdk-extension-autoconfigure\1.28.0\opentelemetry-sdk-extension-autoconfigure-1.28.0.jar;C:\Users\enggn\.m2\repository\io\opentelemetry\opentelemetry-api-events\1.28.0-alpha\opentelemetry-api-events-1.28.0-alpha.jar;C:\Users\enggn\.m2\repository\io\opentelemetry\opentelemetry-sdk-trace\1.28.0\opentelemetry-sdk-trace-1.28.0.jar;C:\Users\enggn\.m2\repository\io\opentelemetry\opentelemetry-sdk\1.28.0\opentelemetry-sdk-1.28.0.jar;C:\Users\enggn\.m2\repository\io\opentelemetry\opentelemetry-semconv\1.28.0-alpha\opentelemetry-semconv-1.28.0-alpha.jar;C:\Users\enggn\.m2\repository\net\bytebuddy\byte-buddy\1.14.5\byte-buddy-1.14.5.jar;C:\Users\enggn\.m2\repository\org\seleniumhq\selenium\selenium-os\4.15.0\selenium-os-4.15.0.jar;C:\Users\enggn\.m2\repository\org\apache\commons\commons-exec\1.3\commons-exec-1.3.jar;C:\Users\enggn\.m2\repository\org\seleniumhq\selenium\selenium-safari-driver\4.15.0\selenium-safari-driver-4.15.0.jar;C:\Users\enggn\.m2\repository\org\seleniumhq\selenium\selenium-support\4.15.0\selenium-support-4.15.0.jar;C:\Users\enggn\.m2\repository\io\cucumber\cucumber-java\7.14.0\cucumber-java-7.14.0.jar;C:\Users\enggn\.m2\repository\org\apache\poi\poi\5.2.4\poi-5.2.4.jar;C:\Users\enggn\.m2\repository\commons-codec\commons-codec\1.16.0\commons-codec-1.16.0.jar;C:\Users\enggn\.m2\repository\org\apache\commons\commons-collections4\4.4\commons-collections4-4.4.jar;C:\Users\enggn\.m2\repository\org\apache\commons\commons-math3\3.6.1\commons-math3-3.6.1.jar;C:\Users\enggn\.m2\repository\commons-io\commons-io\2.13.0\commons-io-2.13.0.jar;C:\Users\enggn\.m2\repository\com\zaxxer\SparseBitSet\1.3\SparseBitSet-1.3.jar;C:\Users\enggn\.m2\repository\org\apache\poi\poi-ooxml\5.2.4\poi-ooxml-5.2.4.jar;C:\Users\enggn\.m2\repository\org\apache\poi\poi-ooxml-lite\5.2.4\poi-ooxml-lite-5.2.4.jar;C:\Users\enggn\.m2\repository\org\apache\xmlbeans\xmlbeans\5.1.1\xmlbeans-5.1.1.jar;C:\Users\enggn\.m2\repository\org\apache\commons\commons-compress\1.24.0\commons-compress-1.24.0.jar;C:\Users\enggn\.m2\repository\com\github\virtuald\curvesapi\1.08\curvesapi-1.08.jar;C:\Users\enggn\.m2\repository\org\testng\testng\7.8.0\testng-7.8.0.jar;C:\Users\enggn\.m2\repository\com\beust\jcommander\1.82\jcommander-1.82.jar;C:\Users\enggn\.m2\repository\org\webjars\jquery\3.6.1\jquery-3.6.1.jar;C:\Users\enggn\.m2\repository\io\cucumber\cucumber-junit\7.14.0\cucumber-junit-7.14.0.jar;C:\Users\enggn\.m2\repository\junit\junit\4.13.2\junit-4.13.2.jar;C:\Users\enggn\.m2\repository\org\hamcrest\hamcrest-core\1.3\hamcrest-core-1.3.jar;C:\Users\enggn\.m2\repository\org\apache\logging\log4j\log4j-api\3.0.0-alpha1\log4j-api-3.0.0-alpha1.jar;C:\Users\enggn\.m2\repository\org\apache\logging\log4j\log4j-core\3.0.0-alpha1\log4j-core-3.0.0-alpha1.jar;C:\Users\enggn\.m2\repository\org\apache\logging\log4j\log4j-plugins\3.0.0-alpha1\log4j-plugins-3.0.0-alpha1.jar;C:\Users\enggn\.m2\repository\javax\activation\javax.activation-api\1.2.0\javax.activation-api-1.2.0.jar;C:\Users\enggn\.m2\repository\javax\xml\bind\jaxb-api\2.3.1\jaxb-api-2.3.1.jar;C:\Users\enggn\.m2\repository\com\fasterxml\woodstox\woodstox-core\6.5.0\woodstox-core-6.5.0.jar;C:\Users\enggn\.m2\repository\org\codehaus\woodstox\stax2-api\4.2.1\stax2-api-4.2.1.jar;"/>
    <property name="sun.cpu.endian" value="little"/>
    <property name="user.home" value="C:\Users\enggn"/>
    <property name="user.language" value="en"/>
    <property name="java.specification.vendor" value="Oracle Corporation"/>
    <property name="java.version.date" value="2023-01-17"/>
    <property name="java.home" value="C:\Program Files\Java\jdk-19"/>
    <property name="file.separator" value="\"/>
    <property name="basedir" value="C:\Users\enggn\eclipse-workspace\DS_AlgoCh"/>
    <property name="java.vm.compressedOopsMode" value="32-bit"/>
    <property name="line.separator" value="&#10;"/>
    <property name="java.vm.specification.vendor" value="Oracle Corporation"/>
    <property name="java.specification.name" value="Java Platform API Specification"/>
    <property name="surefire.real.class.path" value="C:\Users\enggn\AppData\Local\Temp\surefire17922123915579422396\surefirebooter-20231204001710069_3.jar"/>
    <property name="user.script" value=""/>
    <property name="sun.management.compiler" value="HotSpot 64-Bit Tiered Compilers"/>
    <property name="java.runtime.version" value="19.0.2+7-44"/>
    <property name="user.name" value="enggn"/>
    <property name="stdout.encoding" value="Cp1252"/>
    <property name="path.separator" value=";"/>
    <property name="os.version" value="10.0"/>
    <property name="java.runtime.name" value="Java(TM) SE Runtime Environment"/>
    <property name="file.encoding" value="UTF-8"/>
    <property name="java.vm.name" value="Java HotSpot(TM) 64-Bit Server VM"/>
    <property name="localRepository" value="C:\Users\enggn\.m2\repository"/>
    <property name="java.vendor.url.bug" value="https://bugreport.java.com/bugreport/"/>
    <property name="java.io.tmpdir" value="C:\Users\enggn\AppData\Local\Temp\"/>
    <property name="java.version" value="19.0.2"/>
    <property name="user.dir" value="C:\Users\enggn\eclipse-workspace\DS_AlgoCh"/>
    <property name="os.arch" value="amd64"/>
    <property name="java.vm.specification.name" value="Java Virtual Machine Specification"/>
    <property name="sun.os.patch.level" value=""/>
    <property name="native.encoding" value="Cp1252"/>
    <property name="java.library.path" value="C:\Program Files\Java\jdk-19\bin;C:\WINDOWS\Sun\Java\bin;C:\WINDOWS\system32;C:\WINDOWS;C:\Program Files\Common Files\Oracle\Java\javapath;C:\Users\enggn\Downloads\WINDOWS.X64_193000_db_home\bin;C:\Program Files (x86)\VMware\VMware Workstation\bin\;C:\Program Files (x86)\HP\NV\lib\shunra\vcat;C:\WINDOWS\system32;C:\WINDOWS;C:\WINDOWS\System32\Wbem;C:\WINDOWS\System32\WindowsPowerShell\v1.0\;C:\WINDOWS\System32\OpenSSH\;C:\Program Files\dotnet\;C:\Program Files (x86)\HP\Unified Functional Testing\bin;C:\Program Files (x86)\HP\LoadRunner\strawberry-perl\perl\bin;C:\Program Files (x86)\HP\NV\lib\thirdparty\safenet\LDK\7.0;C:\Program Files (x86)\HP\NV\lib\shunra\snv;:\Program Files\Java\jdk-19;C:\Program Files\Java\jdk-19\bin;C:\Program Files\Git\cmd;C:\Users\enggn\OneDrive\Desktop\Ajay\bin;C:\Users\enggn\OneDrive\Desktop\Ajay\apache-maven-3.9.1;C:\Users\enggn\OneDrive\Desktop\Selenium\apache-maven-3.8.8\bin;C:\Users\enggn\AppData\Local\Programs\Python\Python311\Scripts;C:\jdk-21.0.1;C:\Users\enggn\AppData\Local\Programs\Python\Python311\Scripts\;C:\Users\enggn\AppData\Local\Programs\Python\Python311\;C:\Users\enggn\AppData\Local\Microsoft\WindowsApps;."/>
    <property name="java.vm.info" value="mixed mode, sharing"/>
    <property name="stderr.encoding" value="Cp1252"/>
    <property name="java.vendor" value="Oracle Corporation"/>
    <property name="java.vm.version" value="19.0.2+7-44"/>
    <property name="sun.io.unicode.encoding" value="UnicodeLittle"/>
    <property name="java.class.version" value="63.0"/>
  </properties>
  <testcase name="runScenario[&quot;Browser page&quot;, &quot;To Automate Introduction page of DS_Algo&quot;](1)" classname="testRunner.runnertestng" time="3.418">
    <system-out><![CDATA[
@dsIntro @Browser_page
Scenario Outline: Browser page                                                                          &amp#27;[90m# src/test/resources/feature/01_dsIntro.feature:12&amp#27;[0m
=================START SCENARIO===================================================
User open the browser
  &amp#27;[32mGiven &amp#27;[0m&amp#27;[32mThe user should be open the browser&amp#27;[0m                                                             &amp#27;[90m# steppDef.ds_AlgoPortalSteps.the_user_should_be_open_the_browser()&amp#27;[0m
User enter the url
  &amp#27;[32mWhen &amp#27;[0m&amp#27;[32mThe user enter the DS_Algo Portal https://dsportalapp.herokuapp.com/&amp#27;[0m                             &amp#27;[90m# steppDef.ds_AlgoPortalSteps.the_user_enter_the_ds_algo_portal_https_dsportalapp_herokuapp_com()&amp#27;[0m
The portal Message : You are at the right place
User is on the first page 
  &amp#27;[32mThen &amp#27;[0m&amp#27;[32mThe user should landed on the DS_Algo Get Started page with message &amp#27;[0m&amp#27;[32m&amp#27;[1m"You are at the right place"&amp#27;[0m &amp#27;[90m# steppDef.ds_AlgoPortalSteps.the_user_should_landed_on_the_ds_algo_get_started_page_with_message(java.lang.String)&amp#27;[0m
==================END SCENARIO====================================================
]]></system-out>
  </testcase>
  <testcase name="runScenario[&quot;DS Algo Get Started page&quot;, &quot;To Automate Introduction page of DS_Algo&quot;](2)" classname="testRunner.runnertestng" time="0.442">
    <system-out><![CDATA[
@dsIntro @Start_page
Scenario: DS Algo Get Started page                                                                  &amp#27;[90m# src/test/resources/feature/01_dsIntro.feature:15&amp#27;[0m
=================START SCENARIO===================================================
Numpy Ninja
  &amp#27;[32mGiven &amp#27;[0m&amp#27;[32mThe user should open the DS Algo Portal URL in any supported browser&amp#27;[0m                        &amp#27;[90m# steppDef.ds_AlgoPortalSteps.the_user_should_open_the_ds_algo_portal_url_in_any_supported_browser()&amp#27;[0m
User clicks getstarted button of First page
  &amp#27;[32mWhen &amp#27;[0m&amp#27;[32mThe user clicks the Get Started button&amp#27;[0m                                                       &amp#27;[90m# steppDef.ds_AlgoPortalSteps.the_user_clicks_the_get_started_button()&amp#27;[0m
The user sees text message after clicking getstarted button: Register
The user sees text message after clicking getstarted button: Sign in
User is on the intro page of DS
  &amp#27;[32mThen &amp#27;[0m&amp#27;[32mThe user should land in Data Structure Introduction Page with &amp#27;[0m&amp#27;[32m&amp#27;[1m"Register"&amp#27;[0m&amp#27;[32m and &amp#27;[0m&amp#27;[32m&amp#27;[1m"Sign in"&amp#27;[0m&amp#27;[32m links&amp#27;[0m &amp#27;[90m# steppDef.ds_AlgoPortalSteps.the_user_should_land_in_data_structure_introduction_page_with_and_links(java.lang.String,java.lang.String)&amp#27;[0m
==================END SCENARIO====================================================
]]></system-out>
  </testcase>
  <testcase name="runScenario[&quot;DS Introduction page&quot;, &quot;To Automate Introduction page of DS_Algo&quot;](3)" classname="testRunner.runnertestng" time="0.606">
    <system-out><![CDATA[
@dsIntro @Intro_page
Scenario: DS Introduction page                                                                            &amp#27;[90m# src/test/resources/feature/01_dsIntro.feature:21&amp#27;[0m
=================START SCENARIO===================================================
  &amp#27;[32mGiven &amp#27;[0m&amp#27;[32mThe user is on the DS Introduction page&amp#27;[0m                                                           &amp#27;[90m# steppDef.ds_AlgoPortalSteps.the_user_is_on_the_ds_introduction_page()&amp#27;[0m
User clicks the dropdown of Data Structure
  &amp#27;[32mWhen &amp#27;[0m&amp#27;[32mThe user clicks the data structure dropdown  arrow&amp#27;[0m                                                 &amp#27;[90m# steppDef.ds_AlgoPortalSteps.the_user_clicks_the_data_structure_dropdown_arrow()&amp#27;[0m
Arrays
Linked List
Stack
Queue
Tree
Graph
User can see 6 options in dropdown
  &amp#27;[32mThen &amp#27;[0m&amp#27;[32mThe user should able to see &amp#27;[0m&amp#27;[32m&amp#27;[1m6&amp#27;[0m&amp#27;[32m options Arrays &amp#27;[0m&amp#27;[32m&amp#27;[1m"Linked,List,Stack,Queue,Tree,Graph"&amp#27;[0m&amp#27;[32m in dropdown menu&amp#27;[0m &amp#27;[90m# steppDef.ds_AlgoPortalSteps.the_user_should_able_to_see_options_arrays_in_dropdown_menu(java.lang.Integer,java.lang.String)&amp#27;[0m
==================END SCENARIO====================================================
]]></system-out>
  </testcase>
  <testcase name="runScenario[&quot;DS Introduction page&quot;, &quot;To Automate Introduction page of DS_Algo&quot;](4)" classname="testRunner.runnertestng" time="0.265">
    <system-out><![CDATA[
@dsIntro
Scenario: DS Introduction page                                                       &amp#27;[90m# src/test/resources/feature/01_dsIntro.feature:26&amp#27;[0m
=================START SCENARIO===================================================
  &amp#27;[32mGiven &amp#27;[0m&amp#27;[32mThe user is on the DS Introduction page&amp#27;[0m                                      &amp#27;[90m# steppDef.ds_AlgoPortalSteps.the_user_is_on_the_ds_introduction_page()&amp#27;[0m
User click any option of dropdown without sign in
  &amp#27;[32mWhen &amp#27;[0m&amp#27;[32mThe user selects any data structures item from the drop down without Sign in.&amp#27;[0m &amp#27;[90m# steppDef.ds_AlgoPortalSteps.the_user_selects_any_data_structures_item_from_the_drop_down_without_sign_in()&amp#27;[0m
The User sees an AlertMessage when user is not signed in: You are not logged in
User sees an warning message for signing in
  &amp#27;[32mThen &amp#27;[0m&amp#27;[32mThe user should able to see an warning message &amp#27;[0m&amp#27;[32m&amp#27;[1m"You are not logged in"&amp#27;[0m        &amp#27;[90m# steppDef.ds_AlgoPortalSteps.the_user_should_able_to_see_an_warning_message(java.lang.String)&amp#27;[0m
==================END SCENARIO====================================================
]]></system-out>
  </testcase>
  <testcase name="runScenario[&quot;DS Introduction page&quot;, &quot;To Automate Introduction page of DS_Algo&quot;](5)" classname="testRunner.runnertestng" time="0.047">
    <system-out><![CDATA[
@dsIntro
Scenario: DS Introduction page                                                                   &amp#27;[90m# src/test/resources/feature/01_dsIntro.feature:31&amp#27;[0m
=================START SCENARIO===================================================
  &amp#27;[32mGiven &amp#27;[0m&amp#27;[32mThe user is on the DS Introduction page&amp#27;[0m                                                  &amp#27;[90m# steppDef.ds_AlgoPortalSteps.the_user_is_on_the_ds_introduction_page()&amp#27;[0m
User clicks getstarted button of any 6 DS
  &amp#27;[32mWhen &amp#27;[0m&amp#27;[32mThe user clicks any &amp#27;[0m&amp#27;[32m&amp#27;[1m"Get Started"&amp#27;[0m&amp#27;[32m buttons of data structures  on the DS Introduction page&amp#27;[0m &amp#27;[90m# steppDef.ds_AlgoPortalSteps.the_user_clicks_any_buttons_of_data_structures_on_the_ds_introduction_page(java.lang.String)&amp#27;[0m
The User sees an AlertMessage when user is not signed in: You are not logged in
User sees an warning message for signing in
  &amp#27;[32mThen &amp#27;[0m&amp#27;[32mThe user should able to see an warning message &amp#27;[0m&amp#27;[32m&amp#27;[1m"You are not logged in"&amp#27;[0m                    &amp#27;[90m# steppDef.ds_AlgoPortalSteps.the_user_should_able_to_see_an_warning_message(java.lang.String)&amp#27;[0m
==================END SCENARIO====================================================
]]></system-out>
  </testcase>
  <testcase name="runScenario[&quot;DS Algo Introduction Page&quot;, &quot;to automate Signin page of DS_Algo&quot;](6)" classname="testRunner.runnertestng" time="0.156">
    <system-out><![CDATA[
@Signin_page(link)
Scenario: DS Algo Introduction Page                                  &amp#27;[90m# src/test/resources/feature/03_dsSignin.feature:7&amp#27;[0m
=================START SCENARIO===================================================
User is on the DS Algo Introduction Page
  &amp#27;[32mGiven &amp#27;[0m&amp#27;[32mThe user is on the DS Algo Introduction Page&amp#27;[0m                 &amp#27;[90m# steppDef.ds_AlgoSigninSteps.the_user_is_on_the_ds_algo_introduction_page()&amp#27;[0m
User clicks the Sign in link
  &amp#27;[32mWhen &amp#27;[0m&amp#27;[32mThe user should click the Sign in link&amp#27;[0m                        &amp#27;[90m# steppDef.ds_AlgoSigninSteps.the_user_should_click_the_sign_in_link()&amp#27;[0m
Current user login url :  https://dsportalapp.herokuapp.com/login
User is on sign in page
  &amp#27;[32mThen &amp#27;[0m&amp#27;[32mThe user should be redirected to Sign in page&amp#27;[0m                 &amp#27;[90m# steppDef.ds_AlgoSigninSteps.the_user_should_be_redirected_to_sign_in_page()&amp#27;[0m
The User sees the link below text boxex : Register!
User see Register link
  &amp#27;[32mAnd &amp#27;[0m&amp#27;[32mThe user is able to see &amp#27;[0m&amp#27;[32m&amp#27;[1m"Register!"&amp#27;[0m&amp#27;[32m link  below the text boxes&amp#27;[0m &amp#27;[90m# steppDef.ds_AlgoSigninSteps.the_user_is_able_to_see_link_below_the_text_boxes(java.lang.String)&amp#27;[0m
==================END SCENARIO====================================================
]]></system-out>
  </testcase>
  <testcase name="runScenario[&quot;DS Algo Introduction Page&quot;, &quot;to automate Signin page of DS_Algo&quot;](7)" classname="testRunner.runnertestng" time="0.118">
    <system-out><![CDATA[
@Signin_page(allBlank)
Scenario Outline: DS Algo Introduction Page                                           &amp#27;[90m# src/test/resources/feature/03_dsSignin.feature:19&amp#27;[0m
=================START SCENARIO===================================================
User is on the DS Algo Introduction Page
  &amp#27;[32mGiven &amp#27;[0m&amp#27;[32mThe user is on the DS Algo Introduction Page&amp#27;[0m                                  &amp#27;[90m# steppDef.ds_AlgoSigninSteps.the_user_is_on_the_ds_algo_introduction_page()&amp#27;[0m
User clicks login button without entering any data
  &amp#27;[32mWhen &amp#27;[0m&amp#27;[32mThe user clicks login button after leaving the &amp#27;[0m&amp#27;[32m&amp#27;[1m""&amp#27;[0m&amp#27;[32m textbox and &amp#27;[0m&amp#27;[32m&amp#27;[1m""&amp#27;[0m&amp#27;[32m textbox blank&amp#27;[0m &amp#27;[90m# steppDef.ds_AlgoSigninSteps.the_user_clicks_login_button_after_leaving_the_textbox_and_textbox_blank(java.lang.String,java.lang.String)&amp#27;[0m
The User able to see tootip message below inbox text box:  Please fill out this field.
The user sees an error message below Username textbox
  &amp#27;[32mThen &amp#27;[0m&amp#27;[32mThe error message &amp#27;[0m&amp#27;[32m&amp#27;[1m"Please fill out this field."&amp#27;[0m&amp#27;[32m appears below Username textbox&amp#27;[0m &amp#27;[90m# steppDef.ds_AlgoSigninSteps.the_error_message_appears_below_username_textbox(java.lang.String)&amp#27;[0m
==================END SCENARIO====================================================
]]></system-out>
  </testcase>
  <testcase name="runScenario[&quot;DS Algo Introduction Page&quot;, &quot;to automate Signin page of DS_Algo&quot;](8)" classname="testRunner.runnertestng" time="0.223">
    <system-out><![CDATA[
@Signin_page(enteronlyusername)
Scenario Outline: DS Algo Introduction Page                                                              &amp#27;[90m# src/test/resources/feature/03_dsSignin.feature:28&amp#27;[0m
=================START SCENARIO===================================================
User is on the DS Algo Introduction Page
  &amp#27;[32mGiven &amp#27;[0m&amp#27;[32mThe user is on the DS Algo Introduction Page&amp#27;[0m                                                     &amp#27;[90m# steppDef.ds_AlgoSigninSteps.the_user_is_on_the_ds_algo_introduction_page()&amp#27;[0m
User clicks login button after entering username only
  &amp#27;[32mWhen &amp#27;[0m&amp#27;[32mThe user clicks login button after entering the &amp#27;[0m&amp#27;[32m&amp#27;[1m"Trioteamchallengers"&amp#27;[0m&amp#27;[32m and leaves &amp#27;[0m&amp#27;[32m&amp#27;[1m""&amp#27;[0m&amp#27;[32m textbox blank&amp#27;[0m &amp#27;[90m# steppDef.ds_AlgoSigninSteps.the_user_clicks_login_button_after_entering_the_and_leaves_textbox_blank(java.lang.String,java.lang.String)&amp#27;[0m
The User able to see tootip message below inbox text box:  Please fill out this field.
The error message appears below Pwd textbox
  &amp#27;[32mThen &amp#27;[0m&amp#27;[32mThe error message &amp#27;[0m&amp#27;[32m&amp#27;[1m"Please fill out this field."&amp#27;[0m&amp#27;[32m appears below Pwd textbox&amp#27;[0m                         &amp#27;[90m# steppDef.ds_AlgoSigninSteps.the_error_message_appears_below_pwd_textbox(java.lang.String)&amp#27;[0m
==================END SCENARIO====================================================
]]></system-out>
  </testcase>
  <testcase name="runScenario[&quot;DS Algo Introduction Page&quot;, &quot;to automate Signin page of DS_Algo&quot;](9)" classname="testRunner.runnertestng" time="0.143">
    <system-out><![CDATA[
@Signin_page(enteronlypwd)
Scenario Outline: DS Algo Introduction Page                                           &amp#27;[90m# src/test/resources/feature/03_dsSignin.feature:37&amp#27;[0m
=================START SCENARIO===================================================
User is on the DS Algo Introduction Page
  &amp#27;[32mGiven &amp#27;[0m&amp#27;[32mThe user is on the DS Algo Introduction Page&amp#27;[0m                                  &amp#27;[90m# steppDef.ds_AlgoSigninSteps.the_user_is_on_the_ds_algo_introduction_page()&amp#27;[0m
User clicks login btn after entering pwd
  &amp#27;[32mWhen &amp#27;[0m&amp#27;[32mThe user clicks login button after entering the &amp#27;[0m&amp#27;[32m&amp#27;[1m"ds@qateam334h"&amp#27;[0m&amp#27;[32m only.&amp#27;[0m          &amp#27;[90m# steppDef.ds_AlgoSigninSteps.the_user_clicks_login_button_after_entering_the_only(java.lang.String)&amp#27;[0m
The User able to see tootip message below inbox text box:  Please fill out this field.
The user sees an error message below Username textbox
  &amp#27;[32mThen &amp#27;[0m&amp#27;[32mThe error message &amp#27;[0m&amp#27;[32m&amp#27;[1m"Please fill out this field."&amp#27;[0m&amp#27;[32m appears below Username textbox&amp#27;[0m &amp#27;[90m# steppDef.ds_AlgoSigninSteps.the_error_message_appears_below_username_textbox(java.lang.String)&amp#27;[0m
==================END SCENARIO====================================================
]]></system-out>
  </testcase>
  <testcase name="runScenario[&quot;DS Algo Introduction Page&quot;, &quot;to automate Signin page of DS_Algo&quot;](10)" classname="testRunner.runnertestng" time="0.333">
    <system-out><![CDATA[
@Signin_page(invalidusernamePwd)
Scenario Outline: DS Algo Introduction Page                                                              &amp#27;[90m# src/test/resources/feature/03_dsSignin.feature:46&amp#27;[0m
=================START SCENARIO===================================================
User is on the DS Algo Introduction Page
  &amp#27;[32mGiven &amp#27;[0m&amp#27;[32mThe user is on the DS Algo Introduction Page&amp#27;[0m                                                     &amp#27;[90m# steppDef.ds_AlgoSigninSteps.the_user_is_on_the_ds_algo_introduction_page()&amp#27;[0m
User clicks login button after entering invalid  and invalid data
  &amp#27;[32mWhen &amp#27;[0m&amp#27;[32mThe user clicks login button after entering invalid &amp#27;[0m&amp#27;[32m&amp#27;[1m"teamchallengers"&amp#27;[0m&amp#27;[32m and invalid &amp#27;[0m&amp#27;[32m&amp#27;[1m"ds@qateam334h"&amp#27;[0m &amp#27;[90m# steppDef.ds_AlgoSigninSteps.the_user_clicks_login_button_after_entering_invalid_and_invalid(java.lang.String,java.lang.String)&amp#27;[0m
The user gets warning msg after entering valid username and invalid username:Invalid Username and Password
The user sees an error message 
  &amp#27;[32mThen &amp#27;[0m&amp#27;[32mThe user should able to see an error message &amp#27;[0m&amp#27;[32m&amp#27;[1m"Invalid Username and Password"&amp#27;[0m&amp#27;[32m.&amp#27;[0m                     &amp#27;[90m# steppDef.ds_AlgoSigninSteps.the_user_should_able_to_see_an_error_message(java.lang.String)&amp#27;[0m
==================END SCENARIO====================================================
]]></system-out>
  </testcase>
  <testcase name="runScenario[&quot;DS Algo Introduction Page&quot;, &quot;to automate Signin page of DS_Algo&quot;](11)" classname="testRunner.runnertestng" time="0.15">
    <system-out><![CDATA[
@Signin_page(validUsernameinvalidPassword)
Scenario Outline: DS Algo Introduction Page                                                   &amp#27;[90m# src/test/resources/feature/03_dsSignin.feature:55&amp#27;[0m
=================START SCENARIO===================================================
User is on the DS Algo Introduction Page
  &amp#27;[32mGiven &amp#27;[0m&amp#27;[32mThe user is on the DS Algo Introduction Page&amp#27;[0m                                          &amp#27;[90m# steppDef.ds_AlgoSigninSteps.the_user_is_on_the_ds_algo_introduction_page()&amp#27;[0m
User clicks login button after entering valid username and invalid pwd
  &amp#27;[32mWhen &amp#27;[0m&amp#27;[32mThe user clicks login button after entering valid &amp#27;[0m&amp#27;[32m&amp#27;[1m"Trioteamchallengers"&amp#27;[0m&amp#27;[32m and invalid &amp#27;[0m&amp#27;[32m&amp#27;[1m""&amp#27;[0m &amp#27;[90m# steppDef.ds_AlgoSigninSteps.the_user_clicks_login_button_after_entering_valid_and_invalid(java.lang.String,java.lang.String)&amp#27;[0m
The user gets warning msg after entering valid username and invalid username:Invalid Username and Password
The user sees an error message 
  &amp#27;[32mThen &amp#27;[0m&amp#27;[32mThe user should able to see an error message &amp#27;[0m&amp#27;[32m&amp#27;[1m"Invalid Username and Password"&amp#27;[0m&amp#27;[32m.&amp#27;[0m          &amp#27;[90m# steppDef.ds_AlgoSigninSteps.the_user_should_able_to_see_an_error_message(java.lang.String)&amp#27;[0m
==================END SCENARIO====================================================
]]></system-out>
  </testcase>
  <testcase name="runScenario[&quot;DS Algo Introduction Page&quot;, &quot;to automate Signin page of DS_Algo&quot;](12)" classname="testRunner.runnertestng" time="0.308">
    <system-out><![CDATA[
@Signin_page(validUsernameInvPwd)
Scenario Outline: DS Algo Introduction Page                                                                &amp#27;[90m# src/test/resources/feature/03_dsSignin.feature:64&amp#27;[0m
=================START SCENARIO===================================================
User is on the DS Algo Introduction Page
  &amp#27;[32mGiven &amp#27;[0m&amp#27;[32mThe user is on the DS Algo Introduction Page&amp#27;[0m                                                       &amp#27;[90m# steppDef.ds_AlgoSigninSteps.the_user_is_on_the_ds_algo_introduction_page()&amp#27;[0m
User clicks login button after entering valid username and invalid pwd
  &amp#27;[32mWhen &amp#27;[0m&amp#27;[32mThe user clicks login button after entering valid &amp#27;[0m&amp#27;[32m&amp#27;[1m"Trioteamchallengers"&amp#27;[0m&amp#27;[32m and invalid &amp#27;[0m&amp#27;[32m&amp#27;[1m"ds@qateam334h"&amp#27;[0m &amp#27;[90m# steppDef.ds_AlgoSigninSteps.the_user_clicks_login_button_after_entering_valid_and_invalid(java.lang.String,java.lang.String)&amp#27;[0m
The User able to see tootip message below inbox text box:  Please fill out this field.
The user sees an error message below Username textbox
  &amp#27;[32mThen &amp#27;[0m&amp#27;[32mThe error message &amp#27;[0m&amp#27;[32m&amp#27;[1m"Please fill out this field."&amp#27;[0m&amp#27;[32m appears below Username textbox&amp#27;[0m                      &amp#27;[90m# steppDef.ds_AlgoSigninSteps.the_error_message_appears_below_username_textbox(java.lang.String)&amp#27;[0m
==================END SCENARIO====================================================
]]></system-out>
  </testcase>
  <testcase name="runScenario[&quot;DS Algo Introduction Page&quot;, &quot;to automate Signin page of DS_Algo&quot;](13)" classname="testRunner.runnertestng" time="0.456">
    <system-out><![CDATA[
@Signin_page(valid)
Scenario Outline: DS Algo Introduction Page                                                                &amp#27;[90m# src/test/resources/feature/03_dsSignin.feature:73&amp#27;[0m
=================START SCENARIO===================================================
User is on the DS Algo Introduction Page
  &amp#27;[32mGiven &amp#27;[0m&amp#27;[32mThe user is on the DS Algo Introduction Page&amp#27;[0m                                                       &amp#27;[90m# steppDef.ds_AlgoSigninSteps.the_user_is_on_the_ds_algo_introduction_page()&amp#27;[0m
User clicks login button after entering invalid  and valid data
  &amp#27;[32mWhen &amp#27;[0m&amp#27;[32mThe user clicks login button after entering valid &amp#27;[0m&amp#27;[32m&amp#27;[1m"Trioteamchallengers"&amp#27;[0m&amp#27;[32m and valid &amp#27;[0m&amp#27;[32m&amp#27;[1m"triothebest@123"&amp#27;[0m &amp#27;[90m# steppDef.ds_AlgoSigninSteps.the_user_clicks_login_button_after_entering_valid_and_valid(java.lang.String,java.lang.String)&amp#27;[0m
The user is on the current url : https://dsportalapp.herokuapp.com/home
The user able to see successful logged in message : You are logged in
The user is on Data Structure Home Page
  &amp#27;[32mThen &amp#27;[0m&amp#27;[32mThe user should land in Data Structure Home Page with &amp#27;[0m&amp#27;[32m&amp#27;[1m"You are logged in"&amp#27;[0m&amp#27;[32m message&amp#27;[0m                   &amp#27;[90m# steppDef.ds_AlgoSigninSteps.the_user_should_land_in_data_structure_home_page_with_message(java.lang.String)&amp#27;[0m
==================END SCENARIO====================================================
]]></system-out>
  </testcase>
  <testcase name="runScenario[&quot;Home Page&quot;, &quot;To Automate the page of Array&quot;](14)" classname="testRunner.runnertestng" time="0.258">
    <system-out><![CDATA[
@HomePage
Scenario: Home Page                                                               &amp#27;[90m# src/test/resources/feature/04_dsDataStructInt.feature:4&amp#27;[0m
=================START SCENARIO===================================================
https://dsportalapp.herokuapp.com/home
User is on the DS Algo Home Page
  &amp#27;[32mGiven &amp#27;[0m&amp#27;[32mThe user is on the DS Algo Home Page&amp#27;[0m                                      &amp#27;[90m# steppDef.ds_AlgoPortalSteps.the_user_is_on_the_ds_algo_home_page()&amp#27;[0m
User clicks  Get Started button of DS
  &amp#27;[32mWhen &amp#27;[0m&amp#27;[32mThe user clicks  Get Started button below the Data structures-Introduction&amp#27;[0m &amp#27;[90m# steppDef.ds_AlgoDataStructInt.the_user_clicks_get_started_button_below_the_data_structures_introduction()&amp#27;[0m
The user sees the subtitle of the pageData Structures-Introduction
User is on the DS page
  &amp#27;[32mThen &amp#27;[0m&amp#27;[32mThe user should land in &amp#27;[0m&amp#27;[32m&amp#27;[1m"Data Structures-Introduction"&amp#27;[0m&amp#27;[32m DS page&amp#27;[0m             &amp#27;[90m# steppDef.ds_AlgoDataStructInt.the_user_should_land_in_ds_page(java.lang.String)&amp#27;[0m
==================END SCENARIO====================================================
]]></system-out>
  </testcase>
  <testcase name="runScenario[&quot;Data Structure Home page&quot;, &quot;To Automate the page of Array&quot;](15)" classname="testRunner.runnertestng" time="0.169">
    <system-out><![CDATA[
@DSPage
Scenario: Data Structure Home page                                &amp#27;[90m# src/test/resources/feature/04_dsDataStructInt.feature:10&amp#27;[0m
=================START SCENARIO===================================================
  &amp#27;[32mGiven &amp#27;[0m&amp#27;[32mThe user is on the Data Structure Introduction Page&amp#27;[0m       &amp#27;[90m# steppDef.ds_AlgoDataStructInt.the_user_is_on_the_data_structure_introduction_page()&amp#27;[0m
User clicks Time Complexity link
  &amp#27;[32mWhen &amp#27;[0m&amp#27;[32mThe user clicks Time Complexity link&amp#27;[0m                       &amp#27;[90m# steppDef.ds_AlgoDataStructInt.the_user_clicks_time_complexity_link()&amp#27;[0m
The user sees the subtitle of the pageTime Complexity
User is on  Time Complexity page
  &amp#27;[32mThen &amp#27;[0m&amp#27;[32mThe user should be redirected to &amp#27;[0m&amp#27;[32m&amp#27;[1m"Time Complexity"&amp#27;[0m&amp#27;[32m TC page&amp#27;[0m &amp#27;[90m# steppDef.ds_AlgoDataStructInt.the_user_should_be_redirected_to_tc_page(java.lang.String)&amp#27;[0m
==================END SCENARIO====================================================
]]></system-out>
  </testcase>
  <testcase name="runScenario[&quot;Time Complexity Page&quot;, &quot;To Automate the page of Array&quot;](16)" classname="testRunner.runnertestng" time="0.031">
    <system-out><![CDATA[
@ComplexityPage
Scenario: Time Complexity Page                                         &amp#27;[90m# src/test/resources/feature/04_dsDataStructInt.feature:16&amp#27;[0m
=================START SCENARIO===================================================
  &amp#27;[32mGiven &amp#27;[0m&amp#27;[32mThe user is on the Time Complexity Page&amp#27;[0m                        &amp#27;[90m# steppDef.ds_AlgoDataStructInt.the_user_is_on_the_time_complexity_page2()&amp#27;[0m
User clicks Try Here  button of Time Complexity page
  &amp#27;[32mWhen &amp#27;[0m&amp#27;[32mThe user clicks Try Here  button of Time Complexity page&amp#27;[0m        &amp#27;[90m# steppDef.ds_AlgoDataStructInt.the_user_clicks_try_here_button_of_time_complexity_page()&amp#27;[0m
current url : https://dsportalapp.herokuapp.com/data-structures-introduction/time-complexity/
User is on the Python Editor
  &amp#27;[32mThen &amp#27;[0m&amp#27;[32mThe user should be redirected to a page having an Python Editor&amp#27;[0m &amp#27;[90m# steppDef.ds_AlgoDataStructInt.the_user_should_be_redirected_to_a_page_having_an_python_editor()&amp#27;[0m
==================END SCENARIO====================================================
]]></system-out>
  </testcase>
  <testcase name="runScenario[&quot;Python Editor page without data&quot;, &quot;To Automate the page of Array&quot;](17)" classname="testRunner.runnertestng" time="0.622">
    <system-out><![CDATA[
@PythonEditor_Blank
Scenario: Python Editor page without data                                    &amp#27;[90m# src/test/resources/feature/04_dsDataStructInt.feature:22&amp#27;[0m
=================START SCENARIO===================================================
Inside step-The user is on the editor page.
  &amp#27;[32mGiven &amp#27;[0m&amp#27;[32mThe user is on tryEditor page&amp#27;[0m                                        &amp#27;[90m# steppDef.ds_AlgoTryEditorSteps.the_user_is_on_try_editor_page()&amp#27;[0m
User did not enter any code and clicks run button.
  &amp#27;[32mWhen &amp#27;[0m&amp#27;[32mThe user clicks the run button without entring the code in the Editor&amp#27;[0m &amp#27;[90m# steppDef.ds_AlgoTryEditorSteps.the_user_clicks_the_run_button_without_entring_the_code_in_the_editor()&amp#27;[0m
No error message is displayed on the page.Raise as a BUG.
  &amp#27;[32mThen &amp#27;[0m&amp#27;[32mNothing happens to the page and no error message is displayed&amp#27;[0m         &amp#27;[90m# steppDef.ds_AlgoTryEditorSteps.nothing_happens_to_the_page_and_no_error_message_is_displayed()&amp#27;[0m
==================END SCENARIO====================================================
]]></system-out>
  </testcase>
  <testcase name="runScenario[&quot;Python Editor page with Invalid data&quot;, &quot;To Automate the page of Array&quot;](18)" classname="testRunner.runnertestng" time="1.35">
    <system-out><![CDATA[
@PythonEditor_Invalid
Scenario Outline: Python Editor page with Invalid data                                                                                        &amp#27;[90m# src/test/resources/feature/04_dsDataStructInt.feature:36&amp#27;[0m
=================START SCENARIO===================================================
Inside step-The user is on the same TryEditor page.
  &amp#27;[32mGiven &amp#27;[0m&amp#27;[32mUser is on the tryEditor page&amp#27;[0m                                                                                                         &amp#27;[90m# steppDef.ds_AlgoTryEditorSteps.user_is_on_the_try_editor_page()&amp#27;[0m
The sheet existance status is : true
  &amp#27;[32mAnd &amp#27;[0m&amp#27;[32menters the data in the Editor after reading data from excel sheet &amp#27;[0m&amp#27;[32m&amp#27;[1m"Python_code"&amp#27;[0m&amp#27;[32m with column_name &amp#27;[0m&amp#27;[32m&amp#27;[1m"Python_Invalid_Data"&amp#27;[0m&amp#27;[32m and row_number &amp#27;[0m&amp#27;[32m&amp#27;[1m2&amp#27;[0m &amp#27;[90m# steppDef.ds_AlgoTryEditorSteps.enters_the_data_in_the_editor_after_reading_data_from_excel_sheet_with_column_name_and_row_number(java.lang.String,java.lang.String,java.lang.Integer)&amp#27;[0m
User clicks run button
  &amp#27;[32mWhen &amp#27;[0m&amp#27;[32mThe User clicks a run button&amp#27;[0m                                                                                                           &amp#27;[90m# steppDef.ds_AlgoTryEditorSteps.the_user_clicks_a_run_button()&amp#27;[0m
  &amp#27;[32mThen &amp#27;[0m&amp#27;[32mThe user see error msg in alert window and press ok button&amp#27;[0m                                                                             &amp#27;[90m# steppDef.ds_AlgoTryEditorSteps.the_user_see_error_msg_in_alert_window()&amp#27;[0m
==================END SCENARIO====================================================
]]></system-out>
  </testcase>
  <testcase name="runScenario[&quot;Python Editor page with valid data&quot;, &quot;To Automate the page of Array&quot;](19)" classname="testRunner.runnertestng" time="0.445">
    <system-out><![CDATA[
@PythonEditor_Valid
Scenario Outline: Python Editor page with valid data                                                                                    &amp#27;[90m# src/test/resources/feature/04_dsDataStructInt.feature:47&amp#27;[0m
=================START SCENARIO===================================================
Inside step-The user is on the editor page.
  &amp#27;[32mGiven &amp#27;[0m&amp#27;[32mThe user is on the tryEditor page&amp#27;[0m                                                                                               &amp#27;[90m# steppDef.ds_AlgoTryEditorSteps.the_user_is_on_the_try_editor_page()&amp#27;[0m
The sheet existance status is : true
  &amp#27;[32mAnd &amp#27;[0m&amp#27;[32menters data in the Editor after reading data from excel sheet &amp#27;[0m&amp#27;[32m&amp#27;[1m"Python_code"&amp#27;[0m&amp#27;[32m with column_name &amp#27;[0m&amp#27;[32m&amp#27;[1m"Python_Valid_Data"&amp#27;[0m&amp#27;[32m and row_number &amp#27;[0m&amp#27;[32m&amp#27;[1m2&amp#27;[0m &amp#27;[90m# steppDef.ds_AlgoTryEditorSteps.enters_data_in_the_editor_after_reading_data_from_excel_sheet_with_column_name_and_row_number(java.lang.String,java.lang.String,java.lang.Integer)&amp#27;[0m
User clicks run button
  &amp#27;[32mWhen &amp#27;[0m&amp#27;[32mUser clicks a run button&amp#27;[0m                                                                                                         &amp#27;[90m# steppDef.ds_AlgoTryEditorSteps.user_clicks_a_run_button()&amp#27;[0m
Console screen containing output is displayed.
The User able to see result in the console: 10
  &amp#27;[32mThen &amp#27;[0m&amp#27;[32moutput should be displayed on the console&amp#27;[0m                                                                                        &amp#27;[90m# steppDef.ds_AlgoTryEditorSteps.output_should_be_displayed_on_the_console()&amp#27;[0m
==================END SCENARIO====================================================
]]></system-out>
  </testcase>
  <testcase name="runScenario[&quot;User go back to the previous page&quot;, &quot;To Automate the page of Array&quot;](20)" classname="testRunner.runnertestng" time="0.133">
    <system-out><![CDATA[
Scenario: User go back to the previous page   &amp#27;[90m# src/test/resources/feature/04_dsDataStructInt.feature:49&amp#27;[0m
=================START SCENARIO===================================================
The user is already on tryEditor page
  &amp#27;[32mGiven &amp#27;[0m&amp#27;[32mThe user is already on tryEditor page&amp#27;[0m &amp#27;[90m# steppDef.ds_AlgoTryEditorSteps.the_user_is_already_on_try_editor_page()&amp#27;[0m
Console screen containing output is displayed.
  &amp#27;[32mWhen &amp#27;[0m&amp#27;[32mUser able to see output in console&amp#27;[0m     &amp#27;[90m# steppDef.ds_AlgoTryEditorSteps.user_able_to_see_output_in_console()&amp#27;[0m
Console screen containing output is displayed and user go to the previous page.
  &amp#27;[32mThen &amp#27;[0m&amp#27;[32mUser go back to the previous page&amp#27;[0m      &amp#27;[90m# steppDef.ds_AlgoTryEditorSteps.user_go_back_to_the_previous_page()&amp#27;[0m
==================END SCENARIO====================================================
]]></system-out>
  </testcase>
  <testcase name="runScenario[&quot;Time Complexity Page&quot;, &quot;To Automate the page of Array&quot;](21)" classname="testRunner.runnertestng" time="0.207">
    <system-out><![CDATA[
@PracticeQuestions
Scenario: Time Complexity Page                                           &amp#27;[90m# src/test/resources/feature/04_dsDataStructInt.feature:55&amp#27;[0m
=================START SCENARIO===================================================
  &amp#27;[32mGiven &amp#27;[0m&amp#27;[32mThe user is on the Time Complexity Page&amp#27;[0m                          &amp#27;[90m# steppDef.ds_AlgoDataStructInt.the_user_is_on_the_time_complexity_page2()&amp#27;[0m
User clicks Practice Questions link of DS
  &amp#27;[32mWhen &amp#27;[0m&amp#27;[32mThe user clicks Practice Questions link of DS&amp#27;[0m                     &amp#27;[90m# steppDef.ds_AlgoDataStructInt.the_user_clicks_practice_questions_link_of_ds()&amp#27;[0m
The user sees blank page without any Questions that is the BUG
user does not find any practice problems
  &amp#27;[32mThen &amp#27;[0m&amp#27;[32mThe user does not find any practice problems and the page is null&amp#27;[0m &amp#27;[90m# steppDef.ds_AlgoDataStructInt.the_user_does_not_find_any_practice_problems_and_the_page_is_null()&amp#27;[0m
==================END SCENARIO====================================================
]]></system-out>
  </testcase>
  <testcase name="runScenario[&quot;Home Page&quot;, &quot;To Automate the page of Array&quot;](22)" classname="testRunner.runnertestng" time="0.223">
    <system-out><![CDATA[
@Array_page
Scenario: Home Page                                          &amp#27;[90m# src/test/resources/feature/05_dsArray.feature:4&amp#27;[0m
=================START SCENARIO===================================================
https://dsportalapp.herokuapp.com/home
User is on the DS Algo Home Page
  &amp#27;[32mGiven &amp#27;[0m&amp#27;[32mThe user is on the DS Algo Home Page&amp#27;[0m                 &amp#27;[90m# steppDef.ds_AlgoPortalSteps.the_user_is_on_the_ds_algo_home_page()&amp#27;[0m
User clicks  Get Started button below the array
  &amp#27;[32mWhen &amp#27;[0m&amp#27;[32mThe user clicks  &amp#27;[0m&amp#27;[32m&amp#27;[1m"Get Started"&amp#27;[0m&amp#27;[32m button below the array&amp#27;[0m &amp#27;[90m# steppDef.ds_AlgoArraySteps.the_user_clicks_button_below_the_array(java.lang.String)&amp#27;[0m
The user able to see Title: Array
User is on the Array page
  &amp#27;[32mThen &amp#27;[0m&amp#27;[32mThe user should be redirected to &amp#27;[0m&amp#27;[32m&amp#27;[1m"Array"&amp#27;[0m&amp#27;[32m page&amp#27;[0m         &amp#27;[90m# steppDef.ds_AlgoArraySteps.the_user_should_be_redirected_to_page(java.lang.String)&amp#27;[0m
==================END SCENARIO====================================================
]]></system-out>
  </testcase>
  <testcase name="runScenario[&quot;Array Page&quot;, &quot;To Automate the page of Array&quot;](23)" classname="testRunner.runnertestng" time="0.322">
    <system-out><![CDATA[
@ArraysInPythonPage
Scenario: Array Page                                               &amp#27;[90m# src/test/resources/feature/05_dsArray.feature:10&amp#27;[0m
=================START SCENARIO===================================================
  &amp#27;[32mGiven &amp#27;[0m&amp#27;[32mThe  user is on the Array  page&amp#27;[0m                            &amp#27;[90m# steppDef.ds_AlgoArraySteps.the_user_is_on_the_array_page()&amp#27;[0m
User clicks - Arrays in Python link
  &amp#27;[32mWhen &amp#27;[0m&amp#27;[32mThe user clicks a Arrays in Python link&amp#27;[0m                     &amp#27;[90m# steppDef.ds_AlgoArraySteps.the_user_clicks_a_arrays_in_python_link()&amp#27;[0m
The user able to see Title: Arrays in Python
User is on - Arrays in Python
  &amp#27;[32mThen &amp#27;[0m&amp#27;[32mThe user should be redirected to &amp#27;[0m&amp#27;[32m&amp#27;[1m"Arrays in Python"&amp#27;[0m&amp#27;[32m AP Page&amp#27;[0m &amp#27;[90m# steppDef.ds_AlgoArraySteps.the_user_should_be_redirected_to_page1(java.lang.String)&amp#27;[0m
==================END SCENARIO====================================================
]]></system-out>
  </testcase>
  <testcase name="runScenario[&quot;Array Page&quot;, &quot;To Automate the page of Array&quot;](24)" classname="testRunner.runnertestng" time="0.171">
    <system-out><![CDATA[
@PythonEditor
Scenario: Array Page                                                                                                            &amp#27;[90m# src/test/resources/feature/05_dsArray.feature:16&amp#27;[0m
=================START SCENARIO===================================================
  &amp#27;[32mGiven &amp#27;[0m&amp#27;[32mThe  user is on the Array  page&amp#27;[0m                                                                                         &amp#27;[90m# steppDef.ds_AlgoArraySteps.the_user_is_on_the_array_page()&amp#27;[0m
https://dsportalapp.herokuapp.com/tryEditor
User clicks Try Here button of Array in Python Page
  &amp#27;[32mWhen &amp#27;[0m&amp#27;[32mThe user clicks Try Here button of Array in Python Page&amp#27;[0m                                                                  &amp#27;[90m# steppDef.ds_AlgoArraySteps.the_user_clicks_try_here_button_of_array_in_python_page()&amp#27;[0m
The url of python editor is : https://dsportalapp.herokuapp.com/tryEditor
User is on Python Editor
  &amp#27;[32mThen &amp#27;[0m&amp#27;[32mThe user should be redirected to a page having an Python Editor with a url &amp#27;[0m&amp#27;[32m&amp#27;[1m"https://dsportalapp.herokuapp.com/tryEditor"&amp#27;[0m &amp#27;[90m# steppDef.ds_AlgoArraySteps.the_user_should_be_redirected_to_a_page_having_an_python_editor_with_a_url(java.lang.String)&amp#27;[0m
==================END SCENARIO====================================================
]]></system-out>
  </testcase>
  <testcase name="runScenario[&quot;Python Editor page without data&quot;, &quot;To Automate the page of Array&quot;](25)" classname="testRunner.runnertestng" time="0.315">
    <system-out><![CDATA[
@PythonEditor_Blank
Scenario: Python Editor page without data                                    &amp#27;[90m# src/test/resources/feature/05_dsArray.feature:22&amp#27;[0m
=================START SCENARIO===================================================
Inside step-The user is on the editor page.
  &amp#27;[32mGiven &amp#27;[0m&amp#27;[32mThe user is on tryEditor page&amp#27;[0m                                        &amp#27;[90m# steppDef.ds_AlgoTryEditorSteps.the_user_is_on_try_editor_page()&amp#27;[0m
User did not enter any code and clicks run button.
  &amp#27;[32mWhen &amp#27;[0m&amp#27;[32mThe user clicks the run button without entring the code in the Editor&amp#27;[0m &amp#27;[90m# steppDef.ds_AlgoTryEditorSteps.the_user_clicks_the_run_button_without_entring_the_code_in_the_editor()&amp#27;[0m
No error message is displayed on the page.Raise as a BUG.
  &amp#27;[32mThen &amp#27;[0m&amp#27;[32mNothing happens to the page and no error message is displayed&amp#27;[0m         &amp#27;[90m# steppDef.ds_AlgoTryEditorSteps.nothing_happens_to_the_page_and_no_error_message_is_displayed()&amp#27;[0m
==================END SCENARIO====================================================
]]></system-out>
  </testcase>
  <testcase name="runScenario[&quot;Python Editor page with Invalid data&quot;, &quot;To Automate the page of Array&quot;](26)" classname="testRunner.runnertestng" time="0.483">
    <system-out><![CDATA[
@PythonEditor_Invalid
Scenario Outline: Python Editor page with Invalid data                                                                                        &amp#27;[90m# src/test/resources/feature/05_dsArray.feature:36&amp#27;[0m
=================START SCENARIO===================================================
Inside step-The user is on the same TryEditor page.
  &amp#27;[32mGiven &amp#27;[0m&amp#27;[32mUser is on the tryEditor page&amp#27;[0m                                                                                                         &amp#27;[90m# steppDef.ds_AlgoTryEditorSteps.user_is_on_the_try_editor_page()&amp#27;[0m
The sheet existance status is : true
  &amp#27;[32mAnd &amp#27;[0m&amp#27;[32menters the data in the Editor after reading data from excel sheet &amp#27;[0m&amp#27;[32m&amp#27;[1m"Python_code"&amp#27;[0m&amp#27;[32m with column_name &amp#27;[0m&amp#27;[32m&amp#27;[1m"Python_Invalid_Data"&amp#27;[0m&amp#27;[32m and row_number &amp#27;[0m&amp#27;[32m&amp#27;[1m2&amp#27;[0m &amp#27;[90m# steppDef.ds_AlgoTryEditorSteps.enters_the_data_in_the_editor_after_reading_data_from_excel_sheet_with_column_name_and_row_number(java.lang.String,java.lang.String,java.lang.Integer)&amp#27;[0m
User clicks run button
  &amp#27;[32mWhen &amp#27;[0m&amp#27;[32mThe User clicks a run button&amp#27;[0m                                                                                                           &amp#27;[90m# steppDef.ds_AlgoTryEditorSteps.the_user_clicks_a_run_button()&amp#27;[0m
  &amp#27;[32mThen &amp#27;[0m&amp#27;[32mThe user see error msg in alert window and press ok button&amp#27;[0m                                                                             &amp#27;[90m# steppDef.ds_AlgoTryEditorSteps.the_user_see_error_msg_in_alert_window()&amp#27;[0m
==================END SCENARIO====================================================
]]></system-out>
  </testcase>
  <testcase name="runScenario[&quot;Python Editor page with valid data&quot;, &quot;To Automate the page of Array&quot;](27)" classname="testRunner.runnertestng" time="0.458">
    <system-out><![CDATA[
@PythonEditor_Valid
Scenario Outline: Python Editor page with valid data                                                                                    &amp#27;[90m# src/test/resources/feature/05_dsArray.feature:47&amp#27;[0m
=================START SCENARIO===================================================
Inside step-The user is on the editor page.
  &amp#27;[32mGiven &amp#27;[0m&amp#27;[32mThe user is on the tryEditor page&amp#27;[0m                                                                                               &amp#27;[90m# steppDef.ds_AlgoTryEditorSteps.the_user_is_on_the_try_editor_page()&amp#27;[0m
The sheet existance status is : true
  &amp#27;[32mAnd &amp#27;[0m&amp#27;[32menters data in the Editor after reading data from excel sheet &amp#27;[0m&amp#27;[32m&amp#27;[1m"Python_code"&amp#27;[0m&amp#27;[32m with column_name &amp#27;[0m&amp#27;[32m&amp#27;[1m"Python_Valid_Data"&amp#27;[0m&amp#27;[32m and row_number &amp#27;[0m&amp#27;[32m&amp#27;[1m2&amp#27;[0m &amp#27;[90m# steppDef.ds_AlgoTryEditorSteps.enters_data_in_the_editor_after_reading_data_from_excel_sheet_with_column_name_and_row_number(java.lang.String,java.lang.String,java.lang.Integer)&amp#27;[0m
User clicks run button
  &amp#27;[32mWhen &amp#27;[0m&amp#27;[32mUser clicks a run button&amp#27;[0m                                                                                                         &amp#27;[90m# steppDef.ds_AlgoTryEditorSteps.user_clicks_a_run_button()&amp#27;[0m
Console screen containing output is displayed.
The User able to see result in the console: 10
  &amp#27;[32mThen &amp#27;[0m&amp#27;[32moutput should be displayed on the console&amp#27;[0m                                                                                        &amp#27;[90m# steppDef.ds_AlgoTryEditorSteps.output_should_be_displayed_on_the_console()&amp#27;[0m
==================END SCENARIO====================================================
]]></system-out>
  </testcase>
  <testcase name="runScenario[&quot;User go back to the previous page&quot;, &quot;To Automate the page of Array&quot;](28)" classname="testRunner.runnertestng" time="0.154">
    <system-out><![CDATA[
Scenario: User go back to the previous page   &amp#27;[90m# src/test/resources/feature/05_dsArray.feature:49&amp#27;[0m
=================START SCENARIO===================================================
The user is already on tryEditor page
  &amp#27;[32mGiven &amp#27;[0m&amp#27;[32mThe user is already on tryEditor page&amp#27;[0m &amp#27;[90m# steppDef.ds_AlgoTryEditorSteps.the_user_is_already_on_try_editor_page()&amp#27;[0m
Console screen containing output is displayed.
  &amp#27;[32mWhen &amp#27;[0m&amp#27;[32mUser able to see output in console&amp#27;[0m     &amp#27;[90m# steppDef.ds_AlgoTryEditorSteps.user_able_to_see_output_in_console()&amp#27;[0m
Console screen containing output is displayed and user go to the previous page.
  &amp#27;[32mThen &amp#27;[0m&amp#27;[32mUser go back to the previous page&amp#27;[0m      &amp#27;[90m# steppDef.ds_AlgoTryEditorSteps.user_go_back_to_the_previous_page()&amp#27;[0m
==================END SCENARIO====================================================
]]></system-out>
  </testcase>
  <testcase name="runScenario[&quot;Array in Python Page&quot;, &quot;To Automate the page of Array&quot;](29)" classname="testRunner.runnertestng" time="0.209">
    <system-out><![CDATA[
@ArraysUsingList_page
Scenario: Array in Python Page                                       &amp#27;[90m# src/test/resources/feature/05_dsArray.feature:55&amp#27;[0m
=================START SCENARIO===================================================
  &amp#27;[32mGiven &amp#27;[0m&amp#27;[32mThe user is on the Array in Python Page&amp#27;[0m                      &amp#27;[90m# steppDef.ds_AlgoArraySteps.the_user_is_on_the_array_in_python_page()&amp#27;[0m
User clicks Arrays Using List link
  &amp#27;[32mWhen &amp#27;[0m&amp#27;[32mThe user clicks a Arrays Using List link&amp#27;[0m                      &amp#27;[90m# steppDef.ds_AlgoArraySteps.the_user_clicks_a_arrays_using_list_link()&amp#27;[0m
The user able to see Title: Arrays Using List
User is on Arrays Using List
  &amp#27;[32mThen &amp#27;[0m&amp#27;[32mThe user should be redirected to &amp#27;[0m&amp#27;[32m&amp#27;[1m"Arrays Using List"&amp#27;[0m&amp#27;[32m AL page.&amp#27;[0m &amp#27;[90m# steppDef.ds_AlgoArraySteps.the_user_should_be_redirected_to_page11(java.lang.String)&amp#27;[0m
==================END SCENARIO====================================================
]]></system-out>
  </testcase>
  <testcase name="runScenario[&quot;Array Using List Page&quot;, &quot;To Automate the page of Array&quot;](30)" classname="testRunner.runnertestng" time="0.155">
    <system-out><![CDATA[
@PythonEditor
Scenario: Array Using List Page                                                                                                 &amp#27;[90m# src/test/resources/feature/05_dsArray.feature:61&amp#27;[0m
=================START SCENARIO===================================================
  &amp#27;[32mGiven &amp#27;[0m&amp#27;[32mThe  user is on the Array  Using List page&amp#27;[0m                                                                              &amp#27;[90m# steppDef.ds_AlgoArraySteps.the_user_is_on_the_array_using_list_page()&amp#27;[0m
User clicks  Try Here button of Array Using List
  &amp#27;[32mWhen &amp#27;[0m&amp#27;[32mThe user clicks Try Here button of Array Using List Page&amp#27;[0m                                                                 &amp#27;[90m# steppDef.ds_AlgoArraySteps.the_user_clicks_try_here_button_of_array_using_list_page()&amp#27;[0m
The url of python editor is : https://dsportalapp.herokuapp.com/tryEditor
User is on Python Editor
  &amp#27;[32mThen &amp#27;[0m&amp#27;[32mThe user should be redirected to a page having an Python Editor with a url &amp#27;[0m&amp#27;[32m&amp#27;[1m"https://dsportalapp.herokuapp.com/tryEditor"&amp#27;[0m &amp#27;[90m# steppDef.ds_AlgoArraySteps.the_user_should_be_redirected_to_a_page_having_an_python_editor_with_a_url(java.lang.String)&amp#27;[0m
==================END SCENARIO====================================================
]]></system-out>
  </testcase>
  <testcase name="runScenario[&quot;Python Editor page without data&quot;, &quot;To Automate the page of Array&quot;](31)" classname="testRunner.runnertestng" time="0.333">
    <system-out><![CDATA[
@PythonEditor_Blank
Scenario: Python Editor page without data                                    &amp#27;[90m# src/test/resources/feature/05_dsArray.feature:67&amp#27;[0m
=================START SCENARIO===================================================
Inside step-The user is on the editor page.
  &amp#27;[32mGiven &amp#27;[0m&amp#27;[32mThe user is on tryEditor page&amp#27;[0m                                        &amp#27;[90m# steppDef.ds_AlgoTryEditorSteps.the_user_is_on_try_editor_page()&amp#27;[0m
User did not enter any code and clicks run button.
  &amp#27;[32mWhen &amp#27;[0m&amp#27;[32mThe user clicks the run button without entring the code in the Editor&amp#27;[0m &amp#27;[90m# steppDef.ds_AlgoTryEditorSteps.the_user_clicks_the_run_button_without_entring_the_code_in_the_editor()&amp#27;[0m
No error message is displayed on the page.Raise as a BUG.
  &amp#27;[32mThen &amp#27;[0m&amp#27;[32mNothing happens to the page and no error message is displayed&amp#27;[0m         &amp#27;[90m# steppDef.ds_AlgoTryEditorSteps.nothing_happens_to_the_page_and_no_error_message_is_displayed()&amp#27;[0m
==================END SCENARIO====================================================
]]></system-out>
  </testcase>
  <testcase name="runScenario[&quot;Python Editor page with Invalid data&quot;, &quot;To Automate the page of Array&quot;](32)" classname="testRunner.runnertestng" time="0.448">
    <system-out><![CDATA[
@PythonEditor_Invalid
Scenario Outline: Python Editor page with Invalid data                                                                                        &amp#27;[90m# src/test/resources/feature/05_dsArray.feature:81&amp#27;[0m
=================START SCENARIO===================================================
Inside step-The user is on the same TryEditor page.
  &amp#27;[32mGiven &amp#27;[0m&amp#27;[32mUser is on the tryEditor page&amp#27;[0m                                                                                                         &amp#27;[90m# steppDef.ds_AlgoTryEditorSteps.user_is_on_the_try_editor_page()&amp#27;[0m
The sheet existance status is : true
  &amp#27;[32mAnd &amp#27;[0m&amp#27;[32menters the data in the Editor after reading data from excel sheet &amp#27;[0m&amp#27;[32m&amp#27;[1m"Python_code"&amp#27;[0m&amp#27;[32m with column_name &amp#27;[0m&amp#27;[32m&amp#27;[1m"Python_Invalid_Data"&amp#27;[0m&amp#27;[32m and row_number &amp#27;[0m&amp#27;[32m&amp#27;[1m2&amp#27;[0m &amp#27;[90m# steppDef.ds_AlgoTryEditorSteps.enters_the_data_in_the_editor_after_reading_data_from_excel_sheet_with_column_name_and_row_number(java.lang.String,java.lang.String,java.lang.Integer)&amp#27;[0m
User clicks run button
  &amp#27;[32mWhen &amp#27;[0m&amp#27;[32mThe User clicks a run button&amp#27;[0m                                                                                                           &amp#27;[90m# steppDef.ds_AlgoTryEditorSteps.the_user_clicks_a_run_button()&amp#27;[0m
  &amp#27;[32mThen &amp#27;[0m&amp#27;[32mThe user see error msg in alert window and press ok button&amp#27;[0m                                                                             &amp#27;[90m# steppDef.ds_AlgoTryEditorSteps.the_user_see_error_msg_in_alert_window()&amp#27;[0m
==================END SCENARIO====================================================
]]></system-out>
  </testcase>
  <testcase name="runScenario[&quot;Python Editor page with valid data&quot;, &quot;To Automate the page of Array&quot;](33)" classname="testRunner.runnertestng" time="0.401">
    <system-out><![CDATA[
@PythonEditor_Valid
Scenario Outline: Python Editor page with valid data                                                                                    &amp#27;[90m# src/test/resources/feature/05_dsArray.feature:92&amp#27;[0m
=================START SCENARIO===================================================
Inside step-The user is on the editor page.
  &amp#27;[32mGiven &amp#27;[0m&amp#27;[32mThe user is on the tryEditor page&amp#27;[0m                                                                                               &amp#27;[90m# steppDef.ds_AlgoTryEditorSteps.the_user_is_on_the_try_editor_page()&amp#27;[0m
The sheet existance status is : true
  &amp#27;[32mAnd &amp#27;[0m&amp#27;[32menters data in the Editor after reading data from excel sheet &amp#27;[0m&amp#27;[32m&amp#27;[1m"Python_code"&amp#27;[0m&amp#27;[32m with column_name &amp#27;[0m&amp#27;[32m&amp#27;[1m"Python_Valid_Data"&amp#27;[0m&amp#27;[32m and row_number &amp#27;[0m&amp#27;[32m&amp#27;[1m2&amp#27;[0m &amp#27;[90m# steppDef.ds_AlgoTryEditorSteps.enters_data_in_the_editor_after_reading_data_from_excel_sheet_with_column_name_and_row_number(java.lang.String,java.lang.String,java.lang.Integer)&amp#27;[0m
User clicks run button
  &amp#27;[32mWhen &amp#27;[0m&amp#27;[32mUser clicks a run button&amp#27;[0m                                                                                                         &amp#27;[90m# steppDef.ds_AlgoTryEditorSteps.user_clicks_a_run_button()&amp#27;[0m
Console screen containing output is displayed.
The User able to see result in the console: 10
  &amp#27;[32mThen &amp#27;[0m&amp#27;[32moutput should be displayed on the console&amp#27;[0m                                                                                        &amp#27;[90m# steppDef.ds_AlgoTryEditorSteps.output_should_be_displayed_on_the_console()&amp#27;[0m
==================END SCENARIO====================================================
]]></system-out>
  </testcase>
  <testcase name="runScenario[&quot;User go back to the previous page&quot;, &quot;To Automate the page of Array&quot;](34)" classname="testRunner.runnertestng" time="0.141">
    <system-out><![CDATA[
Scenario: User go back to the previous page   &amp#27;[90m# src/test/resources/feature/05_dsArray.feature:94&amp#27;[0m
=================START SCENARIO===================================================
The user is already on tryEditor page
  &amp#27;[32mGiven &amp#27;[0m&amp#27;[32mThe user is already on tryEditor page&amp#27;[0m &amp#27;[90m# steppDef.ds_AlgoTryEditorSteps.the_user_is_already_on_try_editor_page()&amp#27;[0m
Console screen containing output is displayed.
  &amp#27;[32mWhen &amp#27;[0m&amp#27;[32mUser able to see output in console&amp#27;[0m     &amp#27;[90m# steppDef.ds_AlgoTryEditorSteps.user_able_to_see_output_in_console()&amp#27;[0m
Console screen containing output is displayed and user go to the previous page.
  &amp#27;[32mThen &amp#27;[0m&amp#27;[32mUser go back to the previous page&amp#27;[0m      &amp#27;[90m# steppDef.ds_AlgoTryEditorSteps.user_go_back_to_the_previous_page()&amp#27;[0m
==================END SCENARIO====================================================
]]></system-out>
  </testcase>
  <testcase name="runScenario[&quot;Array Using List Page&quot;, &quot;To Automate the page of Array&quot;](35)" classname="testRunner.runnertestng" time="0.212">
    <system-out><![CDATA[
@ArraysBasicOperation_page
Scenario: Array Using List Page                                              &amp#27;[90m# src/test/resources/feature/05_dsArray.feature:100&amp#27;[0m
=================START SCENARIO===================================================
  &amp#27;[32mGiven &amp#27;[0m&amp#27;[32mThe  user is on the Array  Using List page&amp#27;[0m                           &amp#27;[90m# steppDef.ds_AlgoArraySteps.the_user_is_on_the_array_using_list_page()&amp#27;[0m
User clicks  a Basic Operations in Lists 
  &amp#27;[32mWhen &amp#27;[0m&amp#27;[32mThe user clicks a Basic Operations in Lists  link&amp#27;[0m                     &amp#27;[90m# steppDef.ds_AlgoArraySteps.the_user_clicks_a_basic_operations_in_lists_link()&amp#27;[0m
The user able to see Title: Basic Operations in Lists
User is on Basic Operations page
  &amp#27;[32mThen &amp#27;[0m&amp#27;[32mThe user should be redirected to &amp#27;[0m&amp#27;[32m&amp#27;[1m"Basic Operations in Lists"&amp#27;[0m&amp#27;[32m BO page.&amp#27;[0m &amp#27;[90m# steppDef.ds_AlgoArraySteps.the_user_should_be_redirected_to_bo_page(java.lang.String)&amp#27;[0m
==================END SCENARIO====================================================
]]></system-out>
  </testcase>
  <testcase name="runScenario[&quot;Basic operations in Lists page&quot;, &quot;To Automate the page of Array&quot;](36)" classname="testRunner.runnertestng" time="0.173">
    <system-out><![CDATA[
@ArraysBasicOperation_Tryhere
Scenario: Basic operations in Lists page                                                                                        &amp#27;[90m# src/test/resources/feature/05_dsArray.feature:106&amp#27;[0m
=================START SCENARIO===================================================
  &amp#27;[32mGiven &amp#27;[0m&amp#27;[32mThe  user is on the  Basic Operations in Lists   page&amp#27;[0m                                                                   &amp#27;[90m# steppDef.ds_AlgoArraySteps.the_user_is_on_the_basic_operations_in_lists_page()&amp#27;[0m
User clicks  Try Here button of Operations in Lists
  &amp#27;[32mWhen &amp#27;[0m&amp#27;[32mThe user clicks Try Here button of Operations in Lists Page&amp#27;[0m                                                              &amp#27;[90m# steppDef.ds_AlgoArraySteps.the_user_clicks_try_here_button_of_operations_in_lists_page()&amp#27;[0m
The url of python editor is : https://dsportalapp.herokuapp.com/tryEditor
User is on Python Editor
  &amp#27;[32mThen &amp#27;[0m&amp#27;[32mThe user should be redirected to a page having an Python Editor with a url &amp#27;[0m&amp#27;[32m&amp#27;[1m"https://dsportalapp.herokuapp.com/tryEditor"&amp#27;[0m &amp#27;[90m# steppDef.ds_AlgoArraySteps.the_user_should_be_redirected_to_a_page_having_an_python_editor_with_a_url(java.lang.String)&amp#27;[0m
==================END SCENARIO====================================================
]]></system-out>
  </testcase>
  <testcase name="runScenario[&quot;Python Editor page without data&quot;, &quot;To Automate the page of Array&quot;](37)" classname="testRunner.runnertestng" time="0.317">
    <system-out><![CDATA[
@PythonEditor_Blank
Scenario: Python Editor page without data                                    &amp#27;[90m# src/test/resources/feature/05_dsArray.feature:112&amp#27;[0m
=================START SCENARIO===================================================
Inside step-The user is on the editor page.
  &amp#27;[32mGiven &amp#27;[0m&amp#27;[32mThe user is on tryEditor page&amp#27;[0m                                        &amp#27;[90m# steppDef.ds_AlgoTryEditorSteps.the_user_is_on_try_editor_page()&amp#27;[0m
User did not enter any code and clicks run button.
  &amp#27;[32mWhen &amp#27;[0m&amp#27;[32mThe user clicks the run button without entring the code in the Editor&amp#27;[0m &amp#27;[90m# steppDef.ds_AlgoTryEditorSteps.the_user_clicks_the_run_button_without_entring_the_code_in_the_editor()&amp#27;[0m
No error message is displayed on the page.Raise as a BUG.
  &amp#27;[32mThen &amp#27;[0m&amp#27;[32mNothing happens to the page and no error message is displayed&amp#27;[0m         &amp#27;[90m# steppDef.ds_AlgoTryEditorSteps.nothing_happens_to_the_page_and_no_error_message_is_displayed()&amp#27;[0m
==================END SCENARIO====================================================
]]></system-out>
  </testcase>
  <testcase name="runScenario[&quot;Python Editor page with Invalid data&quot;, &quot;To Automate the page of Array&quot;](38)" classname="testRunner.runnertestng" time="0.42">
    <system-out><![CDATA[
@PythonEditor_Invalid
Scenario Outline: Python Editor page with Invalid data                                                                                        &amp#27;[90m# src/test/resources/feature/05_dsArray.feature:126&amp#27;[0m
=================START SCENARIO===================================================
Inside step-The user is on the same TryEditor page.
  &amp#27;[32mGiven &amp#27;[0m&amp#27;[32mUser is on the tryEditor page&amp#27;[0m                                                                                                         &amp#27;[90m# steppDef.ds_AlgoTryEditorSteps.user_is_on_the_try_editor_page()&amp#27;[0m
The sheet existance status is : true
  &amp#27;[32mAnd &amp#27;[0m&amp#27;[32menters the data in the Editor after reading data from excel sheet &amp#27;[0m&amp#27;[32m&amp#27;[1m"Python_code"&amp#27;[0m&amp#27;[32m with column_name &amp#27;[0m&amp#27;[32m&amp#27;[1m"Python_Invalid_Data"&amp#27;[0m&amp#27;[32m and row_number &amp#27;[0m&amp#27;[32m&amp#27;[1m2&amp#27;[0m &amp#27;[90m# steppDef.ds_AlgoTryEditorSteps.enters_the_data_in_the_editor_after_reading_data_from_excel_sheet_with_column_name_and_row_number(java.lang.String,java.lang.String,java.lang.Integer)&amp#27;[0m
User clicks run button
  &amp#27;[32mWhen &amp#27;[0m&amp#27;[32mThe User clicks a run button&amp#27;[0m                                                                                                           &amp#27;[90m# steppDef.ds_AlgoTryEditorSteps.the_user_clicks_a_run_button()&amp#27;[0m
  &amp#27;[32mThen &amp#27;[0m&amp#27;[32mThe user see error msg in alert window and press ok button&amp#27;[0m                                                                             &amp#27;[90m# steppDef.ds_AlgoTryEditorSteps.the_user_see_error_msg_in_alert_window()&amp#27;[0m
==================END SCENARIO====================================================
]]></system-out>
  </testcase>
  <testcase name="runScenario[&quot;Python Editor page with valid data&quot;, &quot;To Automate the page of Array&quot;](39)" classname="testRunner.runnertestng" time="0.398">
    <system-out><![CDATA[
@PythonEditor_Valid
Scenario Outline: Python Editor page with valid data                                                                                    &amp#27;[90m# src/test/resources/feature/05_dsArray.feature:137&amp#27;[0m
=================START SCENARIO===================================================
Inside step-The user is on the editor page.
  &amp#27;[32mGiven &amp#27;[0m&amp#27;[32mThe user is on the tryEditor page&amp#27;[0m                                                                                               &amp#27;[90m# steppDef.ds_AlgoTryEditorSteps.the_user_is_on_the_try_editor_page()&amp#27;[0m
The sheet existance status is : true
  &amp#27;[32mAnd &amp#27;[0m&amp#27;[32menters data in the Editor after reading data from excel sheet &amp#27;[0m&amp#27;[32m&amp#27;[1m"Python_code"&amp#27;[0m&amp#27;[32m with column_name &amp#27;[0m&amp#27;[32m&amp#27;[1m"Python_Valid_Data"&amp#27;[0m&amp#27;[32m and row_number &amp#27;[0m&amp#27;[32m&amp#27;[1m2&amp#27;[0m &amp#27;[90m# steppDef.ds_AlgoTryEditorSteps.enters_data_in_the_editor_after_reading_data_from_excel_sheet_with_column_name_and_row_number(java.lang.String,java.lang.String,java.lang.Integer)&amp#27;[0m
User clicks run button
  &amp#27;[32mWhen &amp#27;[0m&amp#27;[32mUser clicks a run button&amp#27;[0m                                                                                                         &amp#27;[90m# steppDef.ds_AlgoTryEditorSteps.user_clicks_a_run_button()&amp#27;[0m
Console screen containing output is displayed.
The User able to see result in the console: 10
  &amp#27;[32mThen &amp#27;[0m&amp#27;[32moutput should be displayed on the console&amp#27;[0m                                                                                        &amp#27;[90m# steppDef.ds_AlgoTryEditorSteps.output_should_be_displayed_on_the_console()&amp#27;[0m
==================END SCENARIO====================================================
]]></system-out>
  </testcase>
  <testcase name="runScenario[&quot;User go back to the previous page&quot;, &quot;To Automate the page of Array&quot;](40)" classname="testRunner.runnertestng" time="0.132">
    <system-out><![CDATA[
Scenario: User go back to the previous page   &amp#27;[90m# src/test/resources/feature/05_dsArray.feature:139&amp#27;[0m
=================START SCENARIO===================================================
The user is already on tryEditor page
  &amp#27;[32mGiven &amp#27;[0m&amp#27;[32mThe user is already on tryEditor page&amp#27;[0m &amp#27;[90m# steppDef.ds_AlgoTryEditorSteps.the_user_is_already_on_try_editor_page()&amp#27;[0m
Console screen containing output is displayed.
  &amp#27;[32mWhen &amp#27;[0m&amp#27;[32mUser able to see output in console&amp#27;[0m     &amp#27;[90m# steppDef.ds_AlgoTryEditorSteps.user_able_to_see_output_in_console()&amp#27;[0m
Console screen containing output is displayed and user go to the previous page.
  &amp#27;[32mThen &amp#27;[0m&amp#27;[32mUser go back to the previous page&amp#27;[0m      &amp#27;[90m# steppDef.ds_AlgoTryEditorSteps.user_go_back_to_the_previous_page()&amp#27;[0m
==================END SCENARIO====================================================
]]></system-out>
  </testcase>
  <testcase name="runScenario[&quot;Basic operations in Lists page&quot;, &quot;To Automate the page of Array&quot;](41)" classname="testRunner.runnertestng" time="0.181">
    <system-out><![CDATA[
@AppOfArray
Scenario: Basic operations in Lists page                                 &amp#27;[90m# src/test/resources/feature/05_dsArray.feature:145&amp#27;[0m
=================START SCENARIO===================================================
  &amp#27;[32mGiven &amp#27;[0m&amp#27;[32mThe  user is on the  Basic Operations in Lists   page&amp#27;[0m            &amp#27;[90m# steppDef.ds_AlgoArraySteps.the_user_is_on_the_basic_operations_in_lists_page()&amp#27;[0m
User clicks an Applications of Array link
  &amp#27;[32mWhen &amp#27;[0m&amp#27;[32mThe user clicks an Applications of Array link&amp#27;[0m                     &amp#27;[90m# steppDef.ds_AlgoArraySteps.the_user_clicks_an_applications_of_array_link()&amp#27;[0m
The user able to see Title: Applications of Array
User is on Applications of Array page
  &amp#27;[32mThen &amp#27;[0m&amp#27;[32mThe user should be redirected to &amp#27;[0m&amp#27;[32m&amp#27;[1m"Applications of Array"&amp#27;[0m&amp#27;[32m AA page.&amp#27;[0m &amp#27;[90m# steppDef.ds_AlgoArraySteps.the_user_should_be_redirected_to_aa_page(java.lang.String)&amp#27;[0m
==================END SCENARIO====================================================
]]></system-out>
  </testcase>
  <testcase name="runScenario[&quot;Application of Array page&quot;, &quot;To Automate the page of Array&quot;](42)" classname="testRunner.runnertestng" time="0.2">
    <system-out><![CDATA[
@AppOfArray_4Links
Scenario: Application of Array page                                                                                                                                                      &amp#27;[90m# src/test/resources/feature/05_dsArray.feature:151&amp#27;[0m
=================START SCENARIO===================================================
  &amp#27;[32mGiven &amp#27;[0m&amp#27;[32mThe  user is on the  Applications of Array page&amp#27;[0m                                                                                                                                  &amp#27;[90m# steppDef.ds_AlgoArraySteps.the_user_is_on_the_applications_of_array_page()&amp#27;[0m
User clicks Practice Questions link
  &amp#27;[32mWhen &amp#27;[0m&amp#27;[32mThe user clicks Practice Questions link&amp#27;[0m                                                                                                                                           &amp#27;[90m# steppDef.ds_AlgoArraySteps.the_user_clicks_practice_questions_link()&amp#27;[0m
The user able to see  Link1: Search the array
The user able to see  Link2: Max Consecutive Ones
The user able to see  Link3: Find Numbers with Even Number of Digits
The user able to see Link4: Squares of a Sorted Array
User is on practice page
  &amp#27;[32mThen &amp#27;[0m&amp#27;[32mThe user should be redirected to practice page having links like &amp#27;[0m&amp#27;[32m&amp#27;[1m"Search the array"&amp#27;[0m&amp#27;[32m,&amp#27;[0m&amp#27;[32m&amp#27;[1m"Max Consecutive Ones"&amp#27;[0m&amp#27;[32m,&amp#27;[0m&amp#27;[32m&amp#27;[1m"Find Numbers with Even Number of Digits"&amp#27;[0m&amp#27;[32m ,&amp#27;[0m&amp#27;[32m&amp#27;[1m"Squares of a Sorted Array"&amp#27;[0m &amp#27;[90m# steppDef.ds_AlgoArraySteps.the_user_should_be_redirected_to_practice_page_having_links_like(java.lang.String,java.lang.String,java.lang.String,java.lang.String)&amp#27;[0m
==================END SCENARIO====================================================
]]></system-out>
  </testcase>
  <testcase name="runScenario[&quot;Practice Questions page&quot;, &quot;To Automate the page of Array&quot;](43)" classname="testRunner.runnertestng" time="0.245">
    <system-out><![CDATA[
@PythonEditor
Scenario: Practice Questions page                                                                                    &amp#27;[90m# src/test/resources/feature/05_dsArray.feature:157&amp#27;[0m
=================START SCENARIO===================================================
  &amp#27;[32mGiven &amp#27;[0m&amp#27;[32mThe user is on Practice page&amp#27;[0m                                                                                 &amp#27;[90m# steppDef.ds_AlgoArraySteps.the_user_is_on_practice_page()&amp#27;[0m
User clicks array  link
  &amp#27;[32mWhen &amp#27;[0m&amp#27;[32mThe user clicks search the array  link&amp#27;[0m                                                                        &amp#27;[90m# steppDef.ds_AlgoArraySteps.the_user_clicks_search_the_array_link()&amp#27;[0m
The user able to see Title: QUESTION
User is on Python Editor page
  &amp#27;[32mThen &amp#27;[0m&amp#27;[32mThe user should be redirected to &amp#27;[0m&amp#27;[32m&amp#27;[1m"QUESTION"&amp#27;[0m&amp#27;[32m page contains a question,an tryEditor with Run and Submit buttons&amp#27;[0m &amp#27;[90m# steppDef.ds_AlgoArraySteps.the_user_should_be_redirected_to_page_contains_a_question_an_try_editor_with_run_and_submit_buttons(java.lang.String)&amp#27;[0m
==================END SCENARIO====================================================
]]></system-out>
  </testcase>
  <testcase name="runScenario[&quot;Python Editor page without data&quot;, &quot;To Automate the page of Array&quot;](44)" classname="testRunner.runnertestng" time="0.333">
    <system-out><![CDATA[
@PythonEditor_Blank
Scenario: Python Editor page without data                                    &amp#27;[90m# src/test/resources/feature/05_dsArray.feature:163&amp#27;[0m
=================START SCENARIO===================================================
Inside step-The user is on the editor page.
  &amp#27;[32mGiven &amp#27;[0m&amp#27;[32mThe user is on tryEditor page&amp#27;[0m                                        &amp#27;[90m# steppDef.ds_AlgoTryEditorSteps.the_user_is_on_try_editor_page()&amp#27;[0m
User did not enter any code and clicks run button.
  &amp#27;[32mWhen &amp#27;[0m&amp#27;[32mThe user clicks the run button without entring the code in the Editor&amp#27;[0m &amp#27;[90m# steppDef.ds_AlgoTryEditorSteps.the_user_clicks_the_run_button_without_entring_the_code_in_the_editor()&amp#27;[0m
No error message is displayed on the page.Raise as a BUG.
  &amp#27;[32mThen &amp#27;[0m&amp#27;[32mNothing happens to the page and no error message is displayed&amp#27;[0m         &amp#27;[90m# steppDef.ds_AlgoTryEditorSteps.nothing_happens_to_the_page_and_no_error_message_is_displayed()&amp#27;[0m
==================END SCENARIO====================================================
]]></system-out>
  </testcase>
  <testcase name="runScenario[&quot;Python Editor page with Invalid data&quot;, &quot;To Automate the page of Array&quot;](45)" classname="testRunner.runnertestng" time="0.415">
    <system-out><![CDATA[
@PythonEditor_Invalid
Scenario Outline: Python Editor page with Invalid data                                                                                        &amp#27;[90m# src/test/resources/feature/05_dsArray.feature:177&amp#27;[0m
=================START SCENARIO===================================================
Inside step-The user is on the same TryEditor page.
  &amp#27;[32mGiven &amp#27;[0m&amp#27;[32mUser is on the tryEditor page&amp#27;[0m                                                                                                         &amp#27;[90m# steppDef.ds_AlgoTryEditorSteps.user_is_on_the_try_editor_page()&amp#27;[0m
The sheet existance status is : true
  &amp#27;[32mAnd &amp#27;[0m&amp#27;[32menters the data in the Editor after reading data from excel sheet &amp#27;[0m&amp#27;[32m&amp#27;[1m"Python_code"&amp#27;[0m&amp#27;[32m with column_name &amp#27;[0m&amp#27;[32m&amp#27;[1m"Python_Invalid_Data"&amp#27;[0m&amp#27;[32m and row_number &amp#27;[0m&amp#27;[32m&amp#27;[1m2&amp#27;[0m &amp#27;[90m# steppDef.ds_AlgoTryEditorSteps.enters_the_data_in_the_editor_after_reading_data_from_excel_sheet_with_column_name_and_row_number(java.lang.String,java.lang.String,java.lang.Integer)&amp#27;[0m
User clicks run button
  &amp#27;[32mWhen &amp#27;[0m&amp#27;[32mThe User clicks a run button&amp#27;[0m                                                                                                           &amp#27;[90m# steppDef.ds_AlgoTryEditorSteps.the_user_clicks_a_run_button()&amp#27;[0m
  &amp#27;[32mThen &amp#27;[0m&amp#27;[32mThe user see error msg in alert window and press ok button&amp#27;[0m                                                                             &amp#27;[90m# steppDef.ds_AlgoTryEditorSteps.the_user_see_error_msg_in_alert_window()&amp#27;[0m
==================END SCENARIO====================================================
]]></system-out>
  </testcase>
  <testcase name="runScenario[&quot;Python Editor page with valid data&quot;, &quot;To Automate the page of Array&quot;](46)" classname="testRunner.runnertestng" time="0.452">
    <system-out><![CDATA[
@PythonEditor_Valid
Scenario Outline: Python Editor page with valid data                                                                                    &amp#27;[90m# src/test/resources/feature/05_dsArray.feature:188&amp#27;[0m
=================START SCENARIO===================================================
Inside step-The user is on the editor page.
  &amp#27;[32mGiven &amp#27;[0m&amp#27;[32mThe user is on the tryEditor page&amp#27;[0m                                                                                               &amp#27;[90m# steppDef.ds_AlgoTryEditorSteps.the_user_is_on_the_try_editor_page()&amp#27;[0m
The sheet existance status is : true
  &amp#27;[32mAnd &amp#27;[0m&amp#27;[32menters data in the Editor after reading data from excel sheet &amp#27;[0m&amp#27;[32m&amp#27;[1m"Python_code"&amp#27;[0m&amp#27;[32m with column_name &amp#27;[0m&amp#27;[32m&amp#27;[1m"Python_Valid_Data"&amp#27;[0m&amp#27;[32m and row_number &amp#27;[0m&amp#27;[32m&amp#27;[1m2&amp#27;[0m &amp#27;[90m# steppDef.ds_AlgoTryEditorSteps.enters_data_in_the_editor_after_reading_data_from_excel_sheet_with_column_name_and_row_number(java.lang.String,java.lang.String,java.lang.Integer)&amp#27;[0m
User clicks run button
  &amp#27;[32mWhen &amp#27;[0m&amp#27;[32mUser clicks a run button&amp#27;[0m                                                                                                         &amp#27;[90m# steppDef.ds_AlgoTryEditorSteps.user_clicks_a_run_button()&amp#27;[0m
Console screen containing output is displayed.
The User able to see result in the console: 10
  &amp#27;[32mThen &amp#27;[0m&amp#27;[32moutput should be displayed on the console&amp#27;[0m                                                                                        &amp#27;[90m# steppDef.ds_AlgoTryEditorSteps.output_should_be_displayed_on_the_console()&amp#27;[0m
==================END SCENARIO====================================================
]]></system-out>
  </testcase>
  <testcase name="runScenario[&quot;User go back to the previous page&quot;, &quot;To Automate the page of Array&quot;](47)" classname="testRunner.runnertestng" time="0.354">
    <system-out><![CDATA[
Scenario: User go back to the previous page   &amp#27;[90m# src/test/resources/feature/05_dsArray.feature:190&amp#27;[0m
=================START SCENARIO===================================================
The user is already on tryEditor page
  &amp#27;[32mGiven &amp#27;[0m&amp#27;[32mThe user is already on tryEditor page&amp#27;[0m &amp#27;[90m# steppDef.ds_AlgoTryEditorSteps.the_user_is_already_on_try_editor_page()&amp#27;[0m
Console screen containing output is displayed.
  &amp#27;[32mWhen &amp#27;[0m&amp#27;[32mUser able to see output in console&amp#27;[0m     &amp#27;[90m# steppDef.ds_AlgoTryEditorSteps.user_able_to_see_output_in_console()&amp#27;[0m
Console screen containing output is displayed and user go to the previous page.
  &amp#27;[32mThen &amp#27;[0m&amp#27;[32mUser go back to the previous page&amp#27;[0m      &amp#27;[90m# steppDef.ds_AlgoTryEditorSteps.user_go_back_to_the_previous_page()&amp#27;[0m
==================END SCENARIO====================================================
]]></system-out>
  </testcase>
  <testcase name="runScenario[&quot;Practice Questions page&quot;, &quot;To Automate the page of Array&quot;](48)" classname="testRunner.runnertestng" time="0.21">
    <system-out><![CDATA[
@PythonEditor
Scenario: Practice Questions page                                                                                    &amp#27;[90m# src/test/resources/feature/05_dsArray.feature:196&amp#27;[0m
=================START SCENARIO===================================================
  &amp#27;[32mGiven &amp#27;[0m&amp#27;[32mThe user is on Practice page&amp#27;[0m                                                                                 &amp#27;[90m# steppDef.ds_AlgoArraySteps.the_user_is_on_practice_page()&amp#27;[0m
User clicks Max consecutive ones  link
  &amp#27;[32mWhen &amp#27;[0m&amp#27;[32mThe user clicks Max consecutive ones link&amp#27;[0m                                                                     &amp#27;[90m# steppDef.ds_AlgoArraySteps.the_user_clicks_max_consecutive_ones_link()&amp#27;[0m
The user able to see Title: QUESTION
User is on Python Editor page
  &amp#27;[32mThen &amp#27;[0m&amp#27;[32mThe user should be redirected to &amp#27;[0m&amp#27;[32m&amp#27;[1m"QUESTION"&amp#27;[0m&amp#27;[32m page contains a question,an tryEditor with Run and Submit buttons&amp#27;[0m &amp#27;[90m# steppDef.ds_AlgoArraySteps.the_user_should_be_redirected_to_page_contains_a_question_an_try_editor_with_run_and_submit_buttons(java.lang.String)&amp#27;[0m
==================END SCENARIO====================================================
]]></system-out>
  </testcase>
  <testcase name="runScenario[&quot;Python Editor page without data&quot;, &quot;To Automate the page of Array&quot;](49)" classname="testRunner.runnertestng" time="0.525">
    <system-out><![CDATA[
@PythonEditor_Blank
Scenario: Python Editor page without data                                    &amp#27;[90m# src/test/resources/feature/05_dsArray.feature:202&amp#27;[0m
=================START SCENARIO===================================================
Inside step-The user is on the editor page.
  &amp#27;[32mGiven &amp#27;[0m&amp#27;[32mThe user is on tryEditor page&amp#27;[0m                                        &amp#27;[90m# steppDef.ds_AlgoTryEditorSteps.the_user_is_on_try_editor_page()&amp#27;[0m
User did not enter any code and clicks run button.
  &amp#27;[32mWhen &amp#27;[0m&amp#27;[32mThe user clicks the run button without entring the code in the Editor&amp#27;[0m &amp#27;[90m# steppDef.ds_AlgoTryEditorSteps.the_user_clicks_the_run_button_without_entring_the_code_in_the_editor()&amp#27;[0m
No error message is displayed on the page.Raise as a BUG.
  &amp#27;[32mThen &amp#27;[0m&amp#27;[32mNothing happens to the page and no error message is displayed&amp#27;[0m         &amp#27;[90m# steppDef.ds_AlgoTryEditorSteps.nothing_happens_to_the_page_and_no_error_message_is_displayed()&amp#27;[0m
==================END SCENARIO====================================================
]]></system-out>
  </testcase>
  <testcase name="runScenario[&quot;Python Editor page with Invalid data&quot;, &quot;To Automate the page of Array&quot;](50)" classname="testRunner.runnertestng" time="0.437">
    <system-out><![CDATA[
@PythonEditor_Invalid
Scenario Outline: Python Editor page with Invalid data                                                                                        &amp#27;[90m# src/test/resources/feature/05_dsArray.feature:216&amp#27;[0m
=================START SCENARIO===================================================
Inside step-The user is on the same TryEditor page.
  &amp#27;[32mGiven &amp#27;[0m&amp#27;[32mUser is on the tryEditor page&amp#27;[0m                                                                                                         &amp#27;[90m# steppDef.ds_AlgoTryEditorSteps.user_is_on_the_try_editor_page()&amp#27;[0m
The sheet existance status is : true
  &amp#27;[32mAnd &amp#27;[0m&amp#27;[32menters the data in the Editor after reading data from excel sheet &amp#27;[0m&amp#27;[32m&amp#27;[1m"Python_code"&amp#27;[0m&amp#27;[32m with column_name &amp#27;[0m&amp#27;[32m&amp#27;[1m"Python_Invalid_Data"&amp#27;[0m&amp#27;[32m and row_number &amp#27;[0m&amp#27;[32m&amp#27;[1m2&amp#27;[0m &amp#27;[90m# steppDef.ds_AlgoTryEditorSteps.enters_the_data_in_the_editor_after_reading_data_from_excel_sheet_with_column_name_and_row_number(java.lang.String,java.lang.String,java.lang.Integer)&amp#27;[0m
User clicks run button
  &amp#27;[32mWhen &amp#27;[0m&amp#27;[32mThe User clicks a run button&amp#27;[0m                                                                                                           &amp#27;[90m# steppDef.ds_AlgoTryEditorSteps.the_user_clicks_a_run_button()&amp#27;[0m
  &amp#27;[32mThen &amp#27;[0m&amp#27;[32mThe user see error msg in alert window and press ok button&amp#27;[0m                                                                             &amp#27;[90m# steppDef.ds_AlgoTryEditorSteps.the_user_see_error_msg_in_alert_window()&amp#27;[0m
==================END SCENARIO====================================================
]]></system-out>
  </testcase>
  <testcase name="runScenario[&quot;Python Editor page with valid data&quot;, &quot;To Automate the page of Array&quot;](51)" classname="testRunner.runnertestng" time="0.45">
    <system-out><![CDATA[
@PythonEditor_Valid
Scenario Outline: Python Editor page with valid data                                                                                    &amp#27;[90m# src/test/resources/feature/05_dsArray.feature:227&amp#27;[0m
=================START SCENARIO===================================================
Inside step-The user is on the editor page.
  &amp#27;[32mGiven &amp#27;[0m&amp#27;[32mThe user is on the tryEditor page&amp#27;[0m                                                                                               &amp#27;[90m# steppDef.ds_AlgoTryEditorSteps.the_user_is_on_the_try_editor_page()&amp#27;[0m
The sheet existance status is : true
  &amp#27;[32mAnd &amp#27;[0m&amp#27;[32menters data in the Editor after reading data from excel sheet &amp#27;[0m&amp#27;[32m&amp#27;[1m"Python_code"&amp#27;[0m&amp#27;[32m with column_name &amp#27;[0m&amp#27;[32m&amp#27;[1m"Python_Valid_Data"&amp#27;[0m&amp#27;[32m and row_number &amp#27;[0m&amp#27;[32m&amp#27;[1m2&amp#27;[0m &amp#27;[90m# steppDef.ds_AlgoTryEditorSteps.enters_data_in_the_editor_after_reading_data_from_excel_sheet_with_column_name_and_row_number(java.lang.String,java.lang.String,java.lang.Integer)&amp#27;[0m
User clicks run button
  &amp#27;[32mWhen &amp#27;[0m&amp#27;[32mUser clicks a run button&amp#27;[0m                                                                                                         &amp#27;[90m# steppDef.ds_AlgoTryEditorSteps.user_clicks_a_run_button()&amp#27;[0m
Console screen containing output is displayed.
The User able to see result in the console: 10
  &amp#27;[32mThen &amp#27;[0m&amp#27;[32moutput should be displayed on the console&amp#27;[0m                                                                                        &amp#27;[90m# steppDef.ds_AlgoTryEditorSteps.output_should_be_displayed_on_the_console()&amp#27;[0m
==================END SCENARIO====================================================
]]></system-out>
  </testcase>
  <testcase name="runScenario[&quot;User go back to the previous page&quot;, &quot;To Automate the page of Array&quot;](52)" classname="testRunner.runnertestng" time="0.148">
    <system-out><![CDATA[
Scenario: User go back to the previous page   &amp#27;[90m# src/test/resources/feature/05_dsArray.feature:229&amp#27;[0m
=================START SCENARIO===================================================
The user is already on tryEditor page
  &amp#27;[32mGiven &amp#27;[0m&amp#27;[32mThe user is already on tryEditor page&amp#27;[0m &amp#27;[90m# steppDef.ds_AlgoTryEditorSteps.the_user_is_already_on_try_editor_page()&amp#27;[0m
Console screen containing output is displayed.
  &amp#27;[32mWhen &amp#27;[0m&amp#27;[32mUser able to see output in console&amp#27;[0m     &amp#27;[90m# steppDef.ds_AlgoTryEditorSteps.user_able_to_see_output_in_console()&amp#27;[0m
Console screen containing output is displayed and user go to the previous page.
  &amp#27;[32mThen &amp#27;[0m&amp#27;[32mUser go back to the previous page&amp#27;[0m      &amp#27;[90m# steppDef.ds_AlgoTryEditorSteps.user_go_back_to_the_previous_page()&amp#27;[0m
==================END SCENARIO====================================================
]]></system-out>
  </testcase>
  <testcase name="runScenario[&quot;Practice Questions page&quot;, &quot;To Automate the page of Array&quot;](53)" classname="testRunner.runnertestng" time="0.197">
    <system-out><![CDATA[
@PythonEditor
Scenario: Practice Questions page                                                                                    &amp#27;[90m# src/test/resources/feature/05_dsArray.feature:235&amp#27;[0m
=================START SCENARIO===================================================
  &amp#27;[32mGiven &amp#27;[0m&amp#27;[32mThe user is on Practice page&amp#27;[0m                                                                                 &amp#27;[90m# steppDef.ds_AlgoArraySteps.the_user_is_on_practice_page()&amp#27;[0m
User clicks Find numbers with even number of digits link
  &amp#27;[32mWhen &amp#27;[0m&amp#27;[32mThe user clicks Find numbers with even number of digits link&amp#27;[0m                                                  &amp#27;[90m# steppDef.ds_AlgoArraySteps.the_user_clicks_find_numbers_with_even_number_of_digits_link()&amp#27;[0m
The user able to see Title: QUESTION
User is on Python Editor page
  &amp#27;[32mThen &amp#27;[0m&amp#27;[32mThe user should be redirected to &amp#27;[0m&amp#27;[32m&amp#27;[1m"QUESTION"&amp#27;[0m&amp#27;[32m page contains a question,an tryEditor with Run and Submit buttons&amp#27;[0m &amp#27;[90m# steppDef.ds_AlgoArraySteps.the_user_should_be_redirected_to_page_contains_a_question_an_try_editor_with_run_and_submit_buttons(java.lang.String)&amp#27;[0m
==================END SCENARIO====================================================
]]></system-out>
  </testcase>
  <testcase name="runScenario[&quot;Python Editor page without data&quot;, &quot;To Automate the page of Array&quot;](54)" classname="testRunner.runnertestng" time="0.311">
    <system-out><![CDATA[
@PythonEditor_Blank
Scenario: Python Editor page without data                                    &amp#27;[90m# src/test/resources/feature/05_dsArray.feature:241&amp#27;[0m
=================START SCENARIO===================================================
Inside step-The user is on the editor page.
  &amp#27;[32mGiven &amp#27;[0m&amp#27;[32mThe user is on tryEditor page&amp#27;[0m                                        &amp#27;[90m# steppDef.ds_AlgoTryEditorSteps.the_user_is_on_try_editor_page()&amp#27;[0m
User did not enter any code and clicks run button.
  &amp#27;[32mWhen &amp#27;[0m&amp#27;[32mThe user clicks the run button without entring the code in the Editor&amp#27;[0m &amp#27;[90m# steppDef.ds_AlgoTryEditorSteps.the_user_clicks_the_run_button_without_entring_the_code_in_the_editor()&amp#27;[0m
No error message is displayed on the page.Raise as a BUG.
  &amp#27;[32mThen &amp#27;[0m&amp#27;[32mNothing happens to the page and no error message is displayed&amp#27;[0m         &amp#27;[90m# steppDef.ds_AlgoTryEditorSteps.nothing_happens_to_the_page_and_no_error_message_is_displayed()&amp#27;[0m
==================END SCENARIO====================================================
]]></system-out>
  </testcase>
  <testcase name="runScenario[&quot;Python Editor page with Invalid data&quot;, &quot;To Automate the page of Array&quot;](55)" classname="testRunner.runnertestng" time="0.401">
    <system-out><![CDATA[
@PythonEditor_Invalid
Scenario Outline: Python Editor page with Invalid data                                                                                        &amp#27;[90m# src/test/resources/feature/05_dsArray.feature:255&amp#27;[0m
=================START SCENARIO===================================================
Inside step-The user is on the same TryEditor page.
  &amp#27;[32mGiven &amp#27;[0m&amp#27;[32mUser is on the tryEditor page&amp#27;[0m                                                                                                         &amp#27;[90m# steppDef.ds_AlgoTryEditorSteps.user_is_on_the_try_editor_page()&amp#27;[0m
The sheet existance status is : true
  &amp#27;[32mAnd &amp#27;[0m&amp#27;[32menters the data in the Editor after reading data from excel sheet &amp#27;[0m&amp#27;[32m&amp#27;[1m"Python_code"&amp#27;[0m&amp#27;[32m with column_name &amp#27;[0m&amp#27;[32m&amp#27;[1m"Python_Invalid_Data"&amp#27;[0m&amp#27;[32m and row_number &amp#27;[0m&amp#27;[32m&amp#27;[1m2&amp#27;[0m &amp#27;[90m# steppDef.ds_AlgoTryEditorSteps.enters_the_data_in_the_editor_after_reading_data_from_excel_sheet_with_column_name_and_row_number(java.lang.String,java.lang.String,java.lang.Integer)&amp#27;[0m
User clicks run button
  &amp#27;[32mWhen &amp#27;[0m&amp#27;[32mThe User clicks a run button&amp#27;[0m                                                                                                           &amp#27;[90m# steppDef.ds_AlgoTryEditorSteps.the_user_clicks_a_run_button()&amp#27;[0m
  &amp#27;[32mThen &amp#27;[0m&amp#27;[32mThe user see error msg in alert window and press ok button&amp#27;[0m                                                                             &amp#27;[90m# steppDef.ds_AlgoTryEditorSteps.the_user_see_error_msg_in_alert_window()&amp#27;[0m
==================END SCENARIO====================================================
]]></system-out>
  </testcase>
  <testcase name="runScenario[&quot;Python Editor page with valid data&quot;, &quot;To Automate the page of Array&quot;](56)" classname="testRunner.runnertestng" time="0.385">
    <system-out><![CDATA[
@PythonEditor_Valid
Scenario Outline: Python Editor page with valid data                                                                                    &amp#27;[90m# src/test/resources/feature/05_dsArray.feature:266&amp#27;[0m
=================START SCENARIO===================================================
Inside step-The user is on the editor page.
  &amp#27;[32mGiven &amp#27;[0m&amp#27;[32mThe user is on the tryEditor page&amp#27;[0m                                                                                               &amp#27;[90m# steppDef.ds_AlgoTryEditorSteps.the_user_is_on_the_try_editor_page()&amp#27;[0m
The sheet existance status is : true
  &amp#27;[32mAnd &amp#27;[0m&amp#27;[32menters data in the Editor after reading data from excel sheet &amp#27;[0m&amp#27;[32m&amp#27;[1m"Python_code"&amp#27;[0m&amp#27;[32m with column_name &amp#27;[0m&amp#27;[32m&amp#27;[1m"Python_Valid_Data"&amp#27;[0m&amp#27;[32m and row_number &amp#27;[0m&amp#27;[32m&amp#27;[1m2&amp#27;[0m &amp#27;[90m# steppDef.ds_AlgoTryEditorSteps.enters_data_in_the_editor_after_reading_data_from_excel_sheet_with_column_name_and_row_number(java.lang.String,java.lang.String,java.lang.Integer)&amp#27;[0m
User clicks run button
  &amp#27;[32mWhen &amp#27;[0m&amp#27;[32mUser clicks a run button&amp#27;[0m                                                                                                         &amp#27;[90m# steppDef.ds_AlgoTryEditorSteps.user_clicks_a_run_button()&amp#27;[0m
Console screen containing output is displayed.
The User able to see result in the console: 10
  &amp#27;[32mThen &amp#27;[0m&amp#27;[32moutput should be displayed on the console&amp#27;[0m                                                                                        &amp#27;[90m# steppDef.ds_AlgoTryEditorSteps.output_should_be_displayed_on_the_console()&amp#27;[0m
==================END SCENARIO====================================================
]]></system-out>
  </testcase>
  <testcase name="runScenario[&quot;User go back to the previous page&quot;, &quot;To Automate the page of Array&quot;](57)" classname="testRunner.runnertestng" time="0.129">
    <system-out><![CDATA[
Scenario: User go back to the previous page   &amp#27;[90m# src/test/resources/feature/05_dsArray.feature:268&amp#27;[0m
=================START SCENARIO===================================================
The user is already on tryEditor page
  &amp#27;[32mGiven &amp#27;[0m&amp#27;[32mThe user is already on tryEditor page&amp#27;[0m &amp#27;[90m# steppDef.ds_AlgoTryEditorSteps.the_user_is_already_on_try_editor_page()&amp#27;[0m
Console screen containing output is displayed.
  &amp#27;[32mWhen &amp#27;[0m&amp#27;[32mUser able to see output in console&amp#27;[0m     &amp#27;[90m# steppDef.ds_AlgoTryEditorSteps.user_able_to_see_output_in_console()&amp#27;[0m
Console screen containing output is displayed and user go to the previous page.
  &amp#27;[32mThen &amp#27;[0m&amp#27;[32mUser go back to the previous page&amp#27;[0m      &amp#27;[90m# steppDef.ds_AlgoTryEditorSteps.user_go_back_to_the_previous_page()&amp#27;[0m
==================END SCENARIO====================================================
]]></system-out>
  </testcase>
  <testcase name="runScenario[&quot;Practice Questions page&quot;, &quot;To Automate the page of Array&quot;](58)" classname="testRunner.runnertestng" time="0.203">
    <system-out><![CDATA[
@PythonEdito
Scenario: Practice Questions page                                                                                    &amp#27;[90m# src/test/resources/feature/05_dsArray.feature:274&amp#27;[0m
=================START SCENARIO===================================================
  &amp#27;[32mGiven &amp#27;[0m&amp#27;[32mThe user is on Practice page&amp#27;[0m                                                                                 &amp#27;[90m# steppDef.ds_AlgoArraySteps.the_user_is_on_practice_page()&amp#27;[0m
User clicks squared of the sorted array link
  &amp#27;[32mWhen &amp#27;[0m&amp#27;[32mThe user clicks squared of the sorted array link&amp#27;[0m                                                              &amp#27;[90m# steppDef.ds_AlgoArraySteps.the_user_clicks_squared_of_the_sorted_array_link()&amp#27;[0m
The user able to see Title: QUESTION
User is on Python Editor page
  &amp#27;[32mThen &amp#27;[0m&amp#27;[32mThe user should be redirected to &amp#27;[0m&amp#27;[32m&amp#27;[1m"QUESTION"&amp#27;[0m&amp#27;[32m page contains a question,an tryEditor with Run and Submit buttons&amp#27;[0m &amp#27;[90m# steppDef.ds_AlgoArraySteps.the_user_should_be_redirected_to_page_contains_a_question_an_try_editor_with_run_and_submit_buttons(java.lang.String)&amp#27;[0m
==================END SCENARIO====================================================
]]></system-out>
  </testcase>
  <testcase name="runScenario[&quot;Python Editor page without data&quot;, &quot;To Automate the page of Array&quot;](59)" classname="testRunner.runnertestng" time="0.321">
    <system-out><![CDATA[
@PythonEditor_Blank
Scenario: Python Editor page without data                                    &amp#27;[90m# src/test/resources/feature/05_dsArray.feature:280&amp#27;[0m
=================START SCENARIO===================================================
Inside step-The user is on the editor page.
  &amp#27;[32mGiven &amp#27;[0m&amp#27;[32mThe user is on tryEditor page&amp#27;[0m                                        &amp#27;[90m# steppDef.ds_AlgoTryEditorSteps.the_user_is_on_try_editor_page()&amp#27;[0m
User did not enter any code and clicks run button.
  &amp#27;[32mWhen &amp#27;[0m&amp#27;[32mThe user clicks the run button without entring the code in the Editor&amp#27;[0m &amp#27;[90m# steppDef.ds_AlgoTryEditorSteps.the_user_clicks_the_run_button_without_entring_the_code_in_the_editor()&amp#27;[0m
No error message is displayed on the page.Raise as a BUG.
  &amp#27;[32mThen &amp#27;[0m&amp#27;[32mNothing happens to the page and no error message is displayed&amp#27;[0m         &amp#27;[90m# steppDef.ds_AlgoTryEditorSteps.nothing_happens_to_the_page_and_no_error_message_is_displayed()&amp#27;[0m
==================END SCENARIO====================================================
]]></system-out>
  </testcase>
  <testcase name="runScenario[&quot;Python Editor page with Invalid data&quot;, &quot;To Automate the page of Array&quot;](60)" classname="testRunner.runnertestng" time="0.379">
    <system-out><![CDATA[
@PythonEditor_Inalid
Scenario Outline: Python Editor page with Invalid data                                                                                        &amp#27;[90m# src/test/resources/feature/05_dsArray.feature:294&amp#27;[0m
=================START SCENARIO===================================================
Inside step-The user is on the same TryEditor page.
  &amp#27;[32mGiven &amp#27;[0m&amp#27;[32mUser is on the tryEditor page&amp#27;[0m                                                                                                         &amp#27;[90m# steppDef.ds_AlgoTryEditorSteps.user_is_on_the_try_editor_page()&amp#27;[0m
The sheet existance status is : true
  &amp#27;[32mAnd &amp#27;[0m&amp#27;[32menters the data in the Editor after reading data from excel sheet &amp#27;[0m&amp#27;[32m&amp#27;[1m"Python_code"&amp#27;[0m&amp#27;[32m with column_name &amp#27;[0m&amp#27;[32m&amp#27;[1m"Python_Invalid_Data"&amp#27;[0m&amp#27;[32m and row_number &amp#27;[0m&amp#27;[32m&amp#27;[1m2&amp#27;[0m &amp#27;[90m# steppDef.ds_AlgoTryEditorSteps.enters_the_data_in_the_editor_after_reading_data_from_excel_sheet_with_column_name_and_row_number(java.lang.String,java.lang.String,java.lang.Integer)&amp#27;[0m
User clicks run button
  &amp#27;[32mWhen &amp#27;[0m&amp#27;[32mThe User clicks a run button&amp#27;[0m                                                                                                           &amp#27;[90m# steppDef.ds_AlgoTryEditorSteps.the_user_clicks_a_run_button()&amp#27;[0m
  &amp#27;[32mThen &amp#27;[0m&amp#27;[32mThe user see error msg in alert window and press ok button&amp#27;[0m                                                                             &amp#27;[90m# steppDef.ds_AlgoTryEditorSteps.the_user_see_error_msg_in_alert_window()&amp#27;[0m
==================END SCENARIO====================================================
]]></system-out>
  </testcase>
  <testcase name="runScenario[&quot;Python Editor page with valid data&quot;, &quot;To Automate the page of Array&quot;](61)" classname="testRunner.runnertestng" time="0.423">
    <system-out><![CDATA[
@PythonEditor_Valid
Scenario Outline: Python Editor page with valid data                                                                                    &amp#27;[90m# src/test/resources/feature/05_dsArray.feature:305&amp#27;[0m
=================START SCENARIO===================================================
Inside step-The user is on the editor page.
  &amp#27;[32mGiven &amp#27;[0m&amp#27;[32mThe user is on the tryEditor page&amp#27;[0m                                                                                               &amp#27;[90m# steppDef.ds_AlgoTryEditorSteps.the_user_is_on_the_try_editor_page()&amp#27;[0m
The sheet existance status is : true
  &amp#27;[32mAnd &amp#27;[0m&amp#27;[32menters data in the Editor after reading data from excel sheet &amp#27;[0m&amp#27;[32m&amp#27;[1m"Python_code"&amp#27;[0m&amp#27;[32m with column_name &amp#27;[0m&amp#27;[32m&amp#27;[1m"Python_Valid_Data"&amp#27;[0m&amp#27;[32m and row_number &amp#27;[0m&amp#27;[32m&amp#27;[1m2&amp#27;[0m &amp#27;[90m# steppDef.ds_AlgoTryEditorSteps.enters_data_in_the_editor_after_reading_data_from_excel_sheet_with_column_name_and_row_number(java.lang.String,java.lang.String,java.lang.Integer)&amp#27;[0m
User clicks run button
  &amp#27;[32mWhen &amp#27;[0m&amp#27;[32mUser clicks a run button&amp#27;[0m                                                                                                         &amp#27;[90m# steppDef.ds_AlgoTryEditorSteps.user_clicks_a_run_button()&amp#27;[0m
Console screen containing output is displayed.
The User able to see result in the console: 10
  &amp#27;[32mThen &amp#27;[0m&amp#27;[32moutput should be displayed on the console&amp#27;[0m                                                                                        &amp#27;[90m# steppDef.ds_AlgoTryEditorSteps.output_should_be_displayed_on_the_console()&amp#27;[0m
==================END SCENARIO====================================================
]]></system-out>
  </testcase>
  <testcase name="runScenario[&quot;User go back to the previous page&quot;, &quot;To Automate the page of Array&quot;](62)" classname="testRunner.runnertestng" time="0.152">
    <system-out><![CDATA[
Scenario: User go back to the previous page   &amp#27;[90m# src/test/resources/feature/05_dsArray.feature:307&amp#27;[0m
=================START SCENARIO===================================================
The user is already on tryEditor page
  &amp#27;[32mGiven &amp#27;[0m&amp#27;[32mThe user is already on tryEditor page&amp#27;[0m &amp#27;[90m# steppDef.ds_AlgoTryEditorSteps.the_user_is_already_on_try_editor_page()&amp#27;[0m
Console screen containing output is displayed.
  &amp#27;[32mWhen &amp#27;[0m&amp#27;[32mUser able to see output in console&amp#27;[0m     &amp#27;[90m# steppDef.ds_AlgoTryEditorSteps.user_able_to_see_output_in_console()&amp#27;[0m
Console screen containing output is displayed and user go to the previous page.
  &amp#27;[32mThen &amp#27;[0m&amp#27;[32mUser go back to the previous page&amp#27;[0m      &amp#27;[90m# steppDef.ds_AlgoTryEditorSteps.user_go_back_to_the_previous_page()&amp#27;[0m
==================END SCENARIO====================================================
]]></system-out>
  </testcase>
</testsuite>