<?xml version="1.0" encoding="UTF-8"?>
<!-- Generated by org.testng.reporters.JUnitReportReporter -->
<testsuite hostname="DESKTOP-NHMPP64" failures="0" tests="62" name="testRunner.runnertestng" time="36.194" errors="0" timestamp="2023-12-04T08:30:06 EST" skipped="0">
  <testcase classname="testRunner.runnertestng" name="runScenario" time="0.680"/>
  <testcase classname="testRunner.runnertestng" name="runScenario" time="0.387"/>
  <testcase classname="testRunner.runnertestng" name="runScenario" time="0.208"/>
  <testcase classname="testRunner.runnertestng" name="runScenario" time="0.615"/>
  <testcase classname="testRunner.runnertestng" name="runScenario" time="1.178"/>
  <testcase classname="testRunner.runnertestng" name="runScenario" time="0.394"/>
  <testcase classname="testRunner.runnertestng" name="runScenario" time="0.467"/>
  <testcase classname="testRunner.runnertestng" name="runScenario" time="0.382"/>
  <testcase classname="testRunner.runnertestng" name="runScenario" time="0.538"/>
  <testcase classname="testRunner.runnertestng" name="runScenario" time="0.182"/>
  <testcase classname="testRunner.runnertestng" name="runScenario" time="0.379"/>
  <testcase classname="testRunner.runnertestng" name="runScenario" time="0.183"/>
  <testcase classname="testRunner.runnertestng" name="runScenario" time="0.276"/>
  <testcase classname="testRunner.runnertestng" name="runScenario" time="0.386"/>
  <testcase classname="testRunner.runnertestng" name="runScenario" time="0.424"/>
  <testcase classname="testRunner.runnertestng" name="runScenario" time="0.373"/>
  <testcase classname="testRunner.runnertestng" name="runScenario" time="0.659"/>
  <testcase classname="testRunner.runnertestng" name="runScenario" time="0.420"/>
  <testcase classname="testRunner.runnertestng" name="runScenario" time="0.238"/>
  <testcase classname="testRunner.runnertestng" name="runScenario" time="0.234"/>
  <testcase classname="testRunner.runnertestng" name="runScenario" time="0.769"/>
  <testcase classname="testRunner.runnertestng" name="runScenario" time="0.251"/>
  <testcase classname="testRunner.runnertestng" name="runScenario" time="0.676"/>
  <testcase classname="testRunner.runnertestng" name="runScenario" time="0.244"/>
  <testcase classname="testRunner.runnertestng" name="runScenario" time="0.676"/>
  <testcase classname="testRunner.runnertestng" name="runScenario" time="0.486"/>
  <testcase classname="testRunner.runnertestng" name="runScenario" time="0.092"/>
  <testcase classname="testRunner.runnertestng" name="runScenario" time="2.009"/>
  <testcase classname="testRunner.runnertestng" name="runScenario" time="0.345"/>
  <testcase classname="testRunner.runnertestng" name="runScenario" time="6.418"/>
  <testcase classname="testRunner.runnertestng" name="runScenario" time="0.723"/>
  <testcase classname="testRunner.runnertestng" name="runScenario" time="0.617"/>
  <testcase classname="testRunner.runnertestng" name="runScenario" time="0.815"/>
  <testcase classname="testRunner.runnertestng" name="runScenario" time="0.709"/>
  <testcase classname="testRunner.runnertestng" name="runScenario" time="0.645"/>
  <testcase classname="testRunner.runnertestng" name="runScenario" time="0.638"/>
  <testcase classname="testRunner.runnertestng" name="runScenario" time="0.385"/>
  <testcase classname="testRunner.runnertestng" name="runScenario" time="0.472"/>
  <testcase classname="testRunner.runnertestng" name="runScenario" time="0.374"/>
  <testcase classname="testRunner.runnertestng" name="runScenario" time="0.304"/>
  <testcase classname="testRunner.runnertestng" name="runScenario" time="0.255"/>
  <testcase classname="testRunner.runnertestng" name="runScenario" time="0.412"/>
  <testcase classname="testRunner.runnertestng" name="runScenario" time="0.442"/>
  <testcase classname="testRunner.runnertestng" name="runScenario" time="0.564"/>
  <testcase classname="testRunner.runnertestng" name="runScenario" time="0.694"/>
  <testcase classname="testRunner.runnertestng" name="runScenario" time="0.646"/>
  <testcase classname="testRunner.runnertestng" name="runScenario" time="0.191"/>
  <testcase classname="testRunner.runnertestng" name="runScenario" time="0.643"/>
  <testcase classname="testRunner.runnertestng" name="runScenario" time="0.615"/>
  <testcase classname="testRunner.runnertestng" name="runScenario" time="0.277"/>
  <testcase classname="testRunner.runnertestng" name="runScenario" time="0.451"/>
  <testcase classname="testRunner.runnertestng" name="runScenario" time="0.294"/>
  <testcase classname="testRunner.runnertestng" name="runScenario" time="0.548"/>
  <testcase classname="testRunner.runnertestng" name="runScenario" time="0.386"/>
  <testcase classname="testRunner.runnertestng" name="runScenario" time="0.494"/>
  <testcase classname="testRunner.runnertestng" name="runScenario" time="0.286"/>
  <testcase classname="testRunner.runnertestng" name="runScenario" time="0.445"/>
  <testcase classname="testRunner.runnertestng" name="runScenario" time="0.099"/>
  <testcase classname="testRunner.runnertestng" name="runScenario" time="0.879"/>
  <testcase classname="testRunner.runnertestng" name="runScenario" time="0.663"/>
  <testcase classname="testRunner.runnertestng" name="runScenario" time="0.201"/>
  <testcase classname="testRunner.runnertestng" name="runScenario" time="0.458"/>
</testsuite> <!-- testRunner.runnertestng -->
