<?xml version="1.0" encoding="UTF-8"?>
<!-- Generated by org.testng.reporters.JUnitReportReporter -->
<testsuite hostname="DESKTOP-NHMPP64" failures="0" tests="63" name="testRunner.runnertestng" time="28.257" errors="0" timestamp="2023-12-05T07:58:20 EST" skipped="0">
  <testcase classname="testRunner.runnertestng" name="runScenario" time="0.249"/>
  <testcase classname="testRunner.runnertestng" name="runScenario" time="0.315"/>
  <testcase classname="testRunner.runnertestng" name="runScenario" time="0.121"/>
  <testcase classname="testRunner.runnertestng" name="runScenario" time="0.484"/>
  <testcase classname="testRunner.runnertestng" name="runScenario" time="0.364"/>
  <testcase classname="testRunner.runnertestng" name="runScenario" time="0.333"/>
  <testcase classname="testRunner.runnertestng" name="runScenario" time="0.430"/>
  <testcase classname="testRunner.runnertestng" name="runScenario" time="0.216"/>
  <testcase classname="testRunner.runnertestng" name="runScenario" time="0.407"/>
  <testcase classname="testRunner.runnertestng" name="runScenario" time="0.216"/>
  <testcase classname="testRunner.runnertestng" name="runScenario" time="0.157"/>
  <testcase classname="testRunner.runnertestng" name="runScenario" time="0.433"/>
  <testcase classname="testRunner.runnertestng" name="runScenario" time="0.346"/>
  <testcase classname="testRunner.runnertestng" name="runScenario" time="0.383"/>
  <testcase classname="testRunner.runnertestng" name="runScenario" time="0.715"/>
  <testcase classname="testRunner.runnertestng" name="runScenario" time="0.229"/>
  <testcase classname="testRunner.runnertestng" name="runScenario" time="0.346"/>
  <testcase classname="testRunner.runnertestng" name="runScenario" time="0.359"/>
  <testcase classname="testRunner.runnertestng" name="runScenario" time="0.362"/>
  <testcase classname="testRunner.runnertestng" name="runScenario" time="0.027"/>
  <testcase classname="testRunner.runnertestng" name="runScenario" time="0.195"/>
  <testcase classname="testRunner.runnertestng" name="runScenario" time="0.242"/>
  <testcase classname="testRunner.runnertestng" name="runScenario" time="0.449"/>
  <testcase classname="testRunner.runnertestng" name="runScenario" time="0.148"/>
  <testcase classname="testRunner.runnertestng" name="runScenario" time="0.385"/>
  <testcase classname="testRunner.runnertestng" name="runScenario" time="0.479"/>
  <testcase classname="testRunner.runnertestng" name="runScenario" time="5.115"/>
  <testcase classname="testRunner.runnertestng" name="runScenario" time="0.403"/>
  <testcase classname="testRunner.runnertestng" name="runScenario" time="1.341"/>
  <testcase classname="testRunner.runnertestng" name="runScenario" time="0.542"/>
  <testcase classname="testRunner.runnertestng" name="runScenario" time="3.444"/>
  <testcase classname="testRunner.runnertestng" name="runScenario" time="0.209"/>
  <testcase classname="testRunner.runnertestng" name="runScenario" time="0.331"/>
  <testcase classname="testRunner.runnertestng" name="runScenario" time="0.499"/>
  <testcase classname="testRunner.runnertestng" name="runScenario" time="0.524"/>
  <testcase classname="testRunner.runnertestng" name="runScenario" time="0.216"/>
  <testcase classname="testRunner.runnertestng" name="runScenario" time="0.154"/>
  <testcase classname="testRunner.runnertestng" name="runScenario" time="0.154"/>
  <testcase classname="testRunner.runnertestng" name="runScenario" time="0.214"/>
  <testcase classname="testRunner.runnertestng" name="runScenario" time="0.364"/>
  <testcase classname="testRunner.runnertestng" name="runScenario" time="0.516"/>
  <testcase classname="testRunner.runnertestng" name="runScenario" time="0.239"/>
  <testcase classname="testRunner.runnertestng" name="runScenario" time="0.152"/>
  <testcase classname="testRunner.runnertestng" name="runScenario" time="0.452"/>
  <testcase classname="testRunner.runnertestng" name="runScenario" time="0.470"/>
  <testcase classname="testRunner.runnertestng" name="runScenario" time="0.318"/>
  <testcase classname="testRunner.runnertestng" name="runScenario" time="0.156"/>
  <testcase classname="testRunner.runnertestng" name="runScenario" time="0.224"/>
  <testcase classname="testRunner.runnertestng" name="runScenario" time="0.228"/>
  <testcase classname="testRunner.runnertestng" name="runScenario" time="0.381"/>
  <testcase classname="testRunner.runnertestng" name="runScenario" time="0.319"/>
  <testcase classname="testRunner.runnertestng" name="runScenario" time="0.055"/>
  <testcase classname="testRunner.runnertestng" name="runScenario" time="0.260"/>
  <testcase classname="testRunner.runnertestng" name="runScenario" time="0.678"/>
  <testcase classname="testRunner.runnertestng" name="runScenario" time="0.156"/>
  <testcase classname="testRunner.runnertestng" name="runScenario" time="0.169"/>
  <testcase classname="testRunner.runnertestng" name="runScenario" time="0.187"/>
  <testcase classname="testRunner.runnertestng" name="runScenario" time="0.156"/>
  <testcase classname="testRunner.runnertestng" name="runScenario" time="0.167"/>
  <testcase classname="testRunner.runnertestng" name="runScenario" time="0.236"/>
  <testcase classname="testRunner.runnertestng" name="runScenario" time="0.240"/>
  <testcase classname="testRunner.runnertestng" name="runScenario" time="0.348"/>
  <testcase classname="testRunner.runnertestng" name="runScenario" time="0.250"/>
</testsuite> <!-- testRunner.runnertestng -->
