<?xml version="1.0" encoding="UTF-8"?>
<!-- Generated by org.testng.reporters.JUnitReportReporter -->
<testsuite hostname="DESKTOP-NHMPP64" failures="0" tests="62" name="testRunner.runnertestng" time="22.203" errors="0" timestamp="2023-12-04T00:17:39 EST" skipped="0">
  <testcase classname="testRunner.runnertestng" name="runScenario" time="0.177"/>
  <testcase classname="testRunner.runnertestng" name="runScenario" time="0.451"/>
  <testcase classname="testRunner.runnertestng" name="runScenario" time="0.325"/>
  <testcase classname="testRunner.runnertestng" name="runScenario" time="0.154"/>
  <testcase classname="testRunner.runnertestng" name="runScenario" time="0.448"/>
  <testcase classname="testRunner.runnertestng" name="runScenario" time="0.206"/>
  <testcase classname="testRunner.runnertestng" name="runScenario" time="0.223"/>
  <testcase classname="testRunner.runnertestng" name="runScenario" time="0.130"/>
  <testcase classname="testRunner.runnertestng" name="runScenario" time="0.201"/>
  <testcase classname="testRunner.runnertestng" name="runScenario" time="0.210"/>
  <testcase classname="testRunner.runnertestng" name="runScenario" time="0.354"/>
  <testcase classname="testRunner.runnertestng" name="runScenario" time="0.620"/>
  <testcase classname="testRunner.runnertestng" name="runScenario" time="0.212"/>
  <testcase classname="testRunner.runnertestng" name="runScenario" time="0.397"/>
  <testcase classname="testRunner.runnertestng" name="runScenario" time="0.316"/>
  <testcase classname="testRunner.runnertestng" name="runScenario" time="0.158"/>
  <testcase classname="testRunner.runnertestng" name="runScenario" time="0.438"/>
  <testcase classname="testRunner.runnertestng" name="runScenario" time="0.199"/>
  <testcase classname="testRunner.runnertestng" name="runScenario" time="0.130"/>
  <testcase classname="testRunner.runnertestng" name="runScenario" time="0.336"/>
  <testcase classname="testRunner.runnertestng" name="runScenario" time="0.453"/>
  <testcase classname="testRunner.runnertestng" name="runScenario" time="0.219"/>
  <testcase classname="testRunner.runnertestng" name="runScenario" time="0.246"/>
  <testcase classname="testRunner.runnertestng" name="runScenario" time="0.423"/>
  <testcase classname="testRunner.runnertestng" name="runScenario" time="0.025"/>
  <testcase classname="testRunner.runnertestng" name="runScenario" time="0.334"/>
  <testcase classname="testRunner.runnertestng" name="runScenario" time="0.161"/>
  <testcase classname="testRunner.runnertestng" name="runScenario" time="0.485"/>
  <testcase classname="testRunner.runnertestng" name="runScenario" time="0.322"/>
  <testcase classname="testRunner.runnertestng" name="runScenario" time="0.264"/>
  <testcase classname="testRunner.runnertestng" name="runScenario" time="0.448"/>
  <testcase classname="testRunner.runnertestng" name="runScenario" time="0.630"/>
  <testcase classname="testRunner.runnertestng" name="runScenario" time="0.450"/>
  <testcase classname="testRunner.runnertestng" name="runScenario" time="0.265"/>
  <testcase classname="testRunner.runnertestng" name="runScenario" time="0.315"/>
  <testcase classname="testRunner.runnertestng" name="runScenario" time="0.313"/>
  <testcase classname="testRunner.runnertestng" name="runScenario" time="0.526"/>
  <testcase classname="testRunner.runnertestng" name="runScenario" time="1.352"/>
  <testcase classname="testRunner.runnertestng" name="runScenario" time="3.384"/>
  <testcase classname="testRunner.runnertestng" name="runScenario" time="0.131"/>
  <testcase classname="testRunner.runnertestng" name="runScenario" time="0.445"/>
  <testcase classname="testRunner.runnertestng" name="runScenario" time="0.150"/>
  <testcase classname="testRunner.runnertestng" name="runScenario" time="0.402"/>
  <testcase classname="testRunner.runnertestng" name="runScenario" time="0.421"/>
  <testcase classname="testRunner.runnertestng" name="runScenario" time="0.149"/>
  <testcase classname="testRunner.runnertestng" name="runScenario" time="0.456"/>
  <testcase classname="testRunner.runnertestng" name="runScenario" time="0.384"/>
  <testcase classname="testRunner.runnertestng" name="runScenario" time="0.334"/>
  <testcase classname="testRunner.runnertestng" name="runScenario" time="0.113"/>
  <testcase classname="testRunner.runnertestng" name="runScenario" time="0.169"/>
  <testcase classname="testRunner.runnertestng" name="runScenario" time="0.399"/>
  <testcase classname="testRunner.runnertestng" name="runScenario" time="0.141"/>
  <testcase classname="testRunner.runnertestng" name="runScenario" time="0.172"/>
  <testcase classname="testRunner.runnertestng" name="runScenario" time="0.416"/>
  <testcase classname="testRunner.runnertestng" name="runScenario" time="0.319"/>
  <testcase classname="testRunner.runnertestng" name="runScenario" time="0.042"/>
  <testcase classname="testRunner.runnertestng" name="runScenario" time="0.146"/>
  <testcase classname="testRunner.runnertestng" name="runScenario" time="0.380"/>
  <testcase classname="testRunner.runnertestng" name="runScenario" time="0.184"/>
  <testcase classname="testRunner.runnertestng" name="runScenario" time="0.194"/>
  <testcase classname="testRunner.runnertestng" name="runScenario" time="0.145"/>
  <testcase classname="testRunner.runnertestng" name="runScenario" time="0.211"/>
</testsuite> <!-- testRunner.runnertestng -->
