<?xml version="1.0" encoding="UTF-8"?>
<!-- Generated by org.testng.reporters.JUnitReportReporter -->
<testsuite hostname="DESKTOP-NHMPP64" failures="0" tests="62" name="testRunner.runnertestng" time="22.796" errors="0" timestamp="2023-12-03T23:37:43 EST" skipped="0">
  <testcase classname="testRunner.runnertestng" name="runScenario" time="0.163"/>
  <testcase classname="testRunner.runnertestng" name="runScenario" time="0.495"/>
  <testcase classname="testRunner.runnertestng" name="runScenario" time="0.248"/>
  <testcase classname="testRunner.runnertestng" name="runScenario" time="0.223"/>
  <testcase classname="testRunner.runnertestng" name="runScenario" time="0.414"/>
  <testcase classname="testRunner.runnertestng" name="runScenario" time="0.253"/>
  <testcase classname="testRunner.runnertestng" name="runScenario" time="0.172"/>
  <testcase classname="testRunner.runnertestng" name="runScenario" time="0.131"/>
  <testcase classname="testRunner.runnertestng" name="runScenario" time="0.224"/>
  <testcase classname="testRunner.runnertestng" name="runScenario" time="0.249"/>
  <testcase classname="testRunner.runnertestng" name="runScenario" time="0.178"/>
  <testcase classname="testRunner.runnertestng" name="runScenario" time="0.119"/>
  <testcase classname="testRunner.runnertestng" name="runScenario" time="0.205"/>
  <testcase classname="testRunner.runnertestng" name="runScenario" time="0.429"/>
  <testcase classname="testRunner.runnertestng" name="runScenario" time="0.347"/>
  <testcase classname="testRunner.runnertestng" name="runScenario" time="0.168"/>
  <testcase classname="testRunner.runnertestng" name="runScenario" time="0.447"/>
  <testcase classname="testRunner.runnertestng" name="runScenario" time="0.208"/>
  <testcase classname="testRunner.runnertestng" name="runScenario" time="0.153"/>
  <testcase classname="testRunner.runnertestng" name="runScenario" time="0.320"/>
  <testcase classname="testRunner.runnertestng" name="runScenario" time="0.562"/>
  <testcase classname="testRunner.runnertestng" name="runScenario" time="0.413"/>
  <testcase classname="testRunner.runnertestng" name="runScenario" time="0.246"/>
  <testcase classname="testRunner.runnertestng" name="runScenario" time="0.202"/>
  <testcase classname="testRunner.runnertestng" name="runScenario" time="0.023"/>
  <testcase classname="testRunner.runnertestng" name="runScenario" time="0.336"/>
  <testcase classname="testRunner.runnertestng" name="runScenario" time="0.191"/>
  <testcase classname="testRunner.runnertestng" name="runScenario" time="0.487"/>
  <testcase classname="testRunner.runnertestng" name="runScenario" time="0.344"/>
  <testcase classname="testRunner.runnertestng" name="runScenario" time="0.191"/>
  <testcase classname="testRunner.runnertestng" name="runScenario" time="0.472"/>
  <testcase classname="testRunner.runnertestng" name="runScenario" time="0.647"/>
  <testcase classname="testRunner.runnertestng" name="runScenario" time="0.528"/>
  <testcase classname="testRunner.runnertestng" name="runScenario" time="0.248"/>
  <testcase classname="testRunner.runnertestng" name="runScenario" time="0.330"/>
  <testcase classname="testRunner.runnertestng" name="runScenario" time="0.315"/>
  <testcase classname="testRunner.runnertestng" name="runScenario" time="0.330"/>
  <testcase classname="testRunner.runnertestng" name="runScenario" time="1.213"/>
  <testcase classname="testRunner.runnertestng" name="runScenario" time="0.410"/>
  <testcase classname="testRunner.runnertestng" name="runScenario" time="4.167"/>
  <testcase classname="testRunner.runnertestng" name="runScenario" time="0.148"/>
  <testcase classname="testRunner.runnertestng" name="runScenario" time="0.522"/>
  <testcase classname="testRunner.runnertestng" name="runScenario" time="0.421"/>
  <testcase classname="testRunner.runnertestng" name="runScenario" time="0.185"/>
  <testcase classname="testRunner.runnertestng" name="runScenario" time="0.460"/>
  <testcase classname="testRunner.runnertestng" name="runScenario" time="0.136"/>
  <testcase classname="testRunner.runnertestng" name="runScenario" time="0.552"/>
  <testcase classname="testRunner.runnertestng" name="runScenario" time="0.453"/>
  <testcase classname="testRunner.runnertestng" name="runScenario" time="0.421"/>
  <testcase classname="testRunner.runnertestng" name="runScenario" time="0.331"/>
  <testcase classname="testRunner.runnertestng" name="runScenario" time="0.134"/>
  <testcase classname="testRunner.runnertestng" name="runScenario" time="0.172"/>
  <testcase classname="testRunner.runnertestng" name="runScenario" time="0.409"/>
  <testcase classname="testRunner.runnertestng" name="runScenario" time="0.128"/>
  <testcase classname="testRunner.runnertestng" name="runScenario" time="0.186"/>
  <testcase classname="testRunner.runnertestng" name="runScenario" time="0.348"/>
  <testcase classname="testRunner.runnertestng" name="runScenario" time="0.045"/>
  <testcase classname="testRunner.runnertestng" name="runScenario" time="0.148"/>
  <testcase classname="testRunner.runnertestng" name="runScenario" time="0.160"/>
  <testcase classname="testRunner.runnertestng" name="runScenario" time="0.203"/>
  <testcase classname="testRunner.runnertestng" name="runScenario" time="0.174"/>
  <testcase classname="testRunner.runnertestng" name="runScenario" time="0.259"/>
</testsuite> <!-- testRunner.runnertestng -->
