<?xml version="1.0" encoding="UTF-8"?>
<!-- Generated by org.testng.reporters.JUnitReportReporter -->
<testsuite hostname="DESKTOP-NHMPP64" failures="0" tests="62" name="testRunner.runnertestng" time="25.228" errors="0" timestamp="2023-12-03T11:53:05 EST" skipped="0">
  <testcase classname="testRunner.runnertestng" name="runScenario" time="0.193"/>
  <testcase classname="testRunner.runnertestng" name="runScenario" time="0.184"/>
  <testcase classname="testRunner.runnertestng" name="runScenario" time="2.382"/>
  <testcase classname="testRunner.runnertestng" name="runScenario" time="0.045"/>
  <testcase classname="testRunner.runnertestng" name="runScenario" time="0.141"/>
  <testcase classname="testRunner.runnertestng" name="runScenario" time="0.199"/>
  <testcase classname="testRunner.runnertestng" name="runScenario" time="0.185"/>
  <testcase classname="testRunner.runnertestng" name="runScenario" time="0.192"/>
  <testcase classname="testRunner.runnertestng" name="runScenario" time="0.197"/>
  <testcase classname="testRunner.runnertestng" name="runScenario" time="0.372"/>
  <testcase classname="testRunner.runnertestng" name="runScenario" time="0.654"/>
  <testcase classname="testRunner.runnertestng" name="runScenario" time="0.485"/>
  <testcase classname="testRunner.runnertestng" name="runScenario" time="0.223"/>
  <testcase classname="testRunner.runnertestng" name="runScenario" time="0.175"/>
  <testcase classname="testRunner.runnertestng" name="runScenario" time="0.398"/>
  <testcase classname="testRunner.runnertestng" name="runScenario" time="0.170"/>
  <testcase classname="testRunner.runnertestng" name="runScenario" time="0.143"/>
  <testcase classname="testRunner.runnertestng" name="runScenario" time="0.150"/>
  <testcase classname="testRunner.runnertestng" name="runScenario" time="0.234"/>
  <testcase classname="testRunner.runnertestng" name="runScenario" time="0.454"/>
  <testcase classname="testRunner.runnertestng" name="runScenario" time="0.526"/>
  <testcase classname="testRunner.runnertestng" name="runScenario" time="0.433"/>
  <testcase classname="testRunner.runnertestng" name="runScenario" time="0.223"/>
  <testcase classname="testRunner.runnertestng" name="runScenario" time="0.333"/>
  <testcase classname="testRunner.runnertestng" name="runScenario" time="0.269"/>
  <testcase classname="testRunner.runnertestng" name="runScenario" time="0.316"/>
  <testcase classname="testRunner.runnertestng" name="runScenario" time="0.204"/>
  <testcase classname="testRunner.runnertestng" name="runScenario" time="0.115"/>
  <testcase classname="testRunner.runnertestng" name="runScenario" time="0.215"/>
  <testcase classname="testRunner.runnertestng" name="runScenario" time="0.109"/>
  <testcase classname="testRunner.runnertestng" name="runScenario" time="0.395"/>
  <testcase classname="testRunner.runnertestng" name="runScenario" time="0.230"/>
  <testcase classname="testRunner.runnertestng" name="runScenario" time="0.194"/>
  <testcase classname="testRunner.runnertestng" name="runScenario" time="0.356"/>
  <testcase classname="testRunner.runnertestng" name="runScenario" time="0.472"/>
  <testcase classname="testRunner.runnertestng" name="runScenario" time="0.402"/>
  <testcase classname="testRunner.runnertestng" name="runScenario" time="0.134"/>
  <testcase classname="testRunner.runnertestng" name="runScenario" time="4.563"/>
  <testcase classname="testRunner.runnertestng" name="runScenario" time="0.176"/>
  <testcase classname="testRunner.runnertestng" name="runScenario" time="0.430"/>
  <testcase classname="testRunner.runnertestng" name="runScenario" time="0.178"/>
  <testcase classname="testRunner.runnertestng" name="runScenario" time="0.435"/>
  <testcase classname="testRunner.runnertestng" name="runScenario" time="0.336"/>
  <testcase classname="testRunner.runnertestng" name="runScenario" time="0.031"/>
  <testcase classname="testRunner.runnertestng" name="runScenario" time="0.410"/>
  <testcase classname="testRunner.runnertestng" name="runScenario" time="0.443"/>
  <testcase classname="testRunner.runnertestng" name="runScenario" time="0.212"/>
  <testcase classname="testRunner.runnertestng" name="runScenario" time="0.331"/>
  <testcase classname="testRunner.runnertestng" name="runScenario" time="0.446"/>
  <testcase classname="testRunner.runnertestng" name="runScenario" time="0.323"/>
  <testcase classname="testRunner.runnertestng" name="runScenario" time="0.481"/>
  <testcase classname="testRunner.runnertestng" name="runScenario" time="1.397"/>
  <testcase classname="testRunner.runnertestng" name="runScenario" time="0.168"/>
  <testcase classname="testRunner.runnertestng" name="runScenario" time="0.207"/>
  <testcase classname="testRunner.runnertestng" name="runScenario" time="0.178"/>
  <testcase classname="testRunner.runnertestng" name="runScenario" time="0.274"/>
  <testcase classname="testRunner.runnertestng" name="runScenario" time="0.466"/>
  <testcase classname="testRunner.runnertestng" name="runScenario" time="0.411"/>
  <testcase classname="testRunner.runnertestng" name="runScenario" time="0.530"/>
  <testcase classname="testRunner.runnertestng" name="runScenario" time="0.152"/>
  <testcase classname="testRunner.runnertestng" name="runScenario" time="0.356"/>
  <testcase classname="testRunner.runnertestng" name="runScenario" time="0.192"/>
</testsuite> <!-- testRunner.runnertestng -->
